Using max heap size: 12288m
Picked up JAVA_TOOL_OPTIONS: -DLog4jContextSelector=org.apache.logging.log4j.core.async.AsyncLoggerContextSelector -Dsun.jnu.encoding=UTF8 -Dfile.encoding=UTF8 -XX:+UseG1GC -XX:-OmitStackTraceInFastThrow -XX:+AlwaysPreTouch -XX:InitiatingHeapOccupancyPercent=70 -XX:MaxGCPauseMillis=200 -XX:MaxMetaspaceSize=512m -XX:MetaspaceSize=256m -Dsun.reflect.noInflation=true -XX:+HeapDumpOnOutOfMemoryError -XX:HeapDumpPath=/usr/local/paxata/server/logs
2021-04-22 08:16:36.596 GMT+0000 INFO  [main] SystemPropertyInitializer - Loading properties from: 'paxata/paxata.properties'(jar:file:/usr/local/paxata/server/lib/jetty-2020.2.pr.2020.2_service-pack-development.jar!/paxata/paxata.properties)
2021-04-22 08:16:36.600 GMT+0000 INFO  [main] SystemPropertyInitializer - Loading properties from: 'px.properties'(file:/usr/local/paxata/server/config/px.properties)
2021-04-22 08:16:36.601 GMT+0000 INFO  [main] SystemPropertyInitializer - Loading properties from: 'px-defaults.properties'(file:/usr/local/paxata/server/config/px-defaults.properties)
2021-04-22 08:16:39.107 GMT+0000 INFO  [main] cluster - Cluster created with settings {hosts=[mongo-deployment-0.mongo.mongo:27017], mode=SINGLE, requiredClusterType=UNKNOWN, serverSelectionTimeout='30000 ms', maxWaitQueueSize=500}
2021-04-22 08:16:39.158 GMT+0000 INFO  [main] cluster - Cluster description not yet available. Waiting for 30000 ms before timing out
2021-04-22 08:16:39.182 GMT+0000 INFO  [cluster-ClusterId{value='608130e77f71c454d7078b16', description='null'}-mongo-deployment-0.mongo.mongo:27017] connection - Opened connection [connectionId{localValue:1, serverValue:12864378}] to mongo-deployment-0.mongo.mongo:27017
2021-04-22 08:16:39.192 GMT+0000 INFO  [cluster-ClusterId{value='608130e77f71c454d7078b16', description='null'}-mongo-deployment-0.mongo.mongo:27017] cluster - Monitor thread successfully connected to server with description ServerDescription{address=mongo-deployment-0.mongo.mongo:27017, type=REPLICA_SET_PRIMARY, state=CONNECTED, ok=true, version=ServerVersion{versionList=[4, 2, 12]}, minWireVersion=0, maxWireVersion=8, maxDocumentSize=16777216, logicalSessionTimeoutMinutes=30, roundTripTimeNanos=4388887, setName='rs0', canonicalAddress=mongo-deployment-0.mongo.mongo:27017, hosts=[mongo-deployment-0.mongo.mongo:27017], passives=[], arbiters=[], primary='mongo-deployment-0.mongo.mongo:27017', tagSet=TagSet{[]}, electionId=7fffffff0000000000000030, setVersion=1, lastWriteDate=Thu Apr 22 08:16:35 UTC 2021, lastUpdateTimeNanos=1267700740822865}
2021-04-22 08:16:39.280 GMT+0000 INFO  [main] connection - Opened connection [connectionId{localValue:2, serverValue:12864381}] to mongo-deployment-0.mongo.mongo:27017
2021-04-22 08:16:39.424 GMT+0000 INFO  [main] server - HQ221000: live server is starting with configuration HornetQ Configuration (clustered=false,backup=false,sharedStore=true,journalDirectory=data/journal,bindingsDirectory=data/bindings,largeMessagesDirectory=data/largemessages,pagingDirectory=data/paging)
2021-04-22 08:16:39.428 GMT+0000 INFO  [main] server - HQ221045: libaio is not available, switching the configuration into NIO
2021-04-22 08:16:39.432 GMT+0000 WARN  [main] server - HQ222007: Security risk! HornetQ is running with the default cluster admin user and default password. Please see the HornetQ user guide, cluster chapter, for instructions on how to change this.
2021-04-22 08:16:39.443 GMT+0000 INFO  [main] server - HQ221043: Adding protocol support CORE
2021-04-22 08:16:39.471 GMT+0000 INFO  [main] server - HQ221007: Server is now live
2021-04-22 08:16:39.472 GMT+0000 INFO  [main] server - HQ221001: HornetQ Server version 2.4.7.Final (2.4.7.Final, 124) [10299960-a343-11eb-9ac8-a9b2479d6afd] 
[DEBUG] [04/22/2021 08:16:40.215] [main] [EventStream(akka://PaxServer)] logger log1-Logging$DefaultLogger started
[DEBUG] [04/22/2021 08:16:40.215] [main] [EventStream(akka://PaxServer)] Default Loggers started
[DEBUG] [04/22/2021 08:16:40.217] [PaxServer-akka.actor.default-dispatcher-3] [akka://PaxServer/system] now supervising Actor[akka://PaxServer/system/deadLetterListener#887833930]
[DEBUG] [04/22/2021 08:16:40.219] [PaxServer-akka.actor.default-dispatcher-2] [akka://PaxServer/system/deadLetterListener] started (akka.event.DeadLetterListener@4e89dc5a)
2021-04-22 08:16:40.433 GMT+0000 INFO  [main] DistributionManager - Looking for class loader for distroName=aws kerberized=false
2021-04-22 08:16:40.440 GMT+0000 INFO  [main] DistributionManager - Creating class loader for aws secure=false
2021-04-22 08:16:40.470 GMT+0000 INFO  [main] PXLocalFileSystem - Created Local File System: '/usr/local/paxata/server/tmp/lib-tmp'
[DEBUG] [04/22/2021 08:16:40.733] [PaxServer-akka.actor.default-dispatcher-4] [akka://PaxServer/user] now supervising Actor[akka://PaxServer/user/$a#-1598386893]
2021-04-22 08:16:40.996 GMT+0000 INFO  [main] NotificationSchedulerSetUp - Creating NotificationScheduler
[DEBUG] [04/22/2021 08:16:40.998] [PaxServer-akka.actor.default-dispatcher-3] [akka://PaxServer/user] now supervising Actor[akka://PaxServer/user/NotificationSchedulerActor#1145143888]
2021-04-22 08:16:41.030 GMT+0000 INFO  [main] StdSchedulerFactory - Using default implementation for ThreadExecutor
2021-04-22 08:16:41.033 GMT+0000 INFO  [main] SimpleThreadPool - Job execution threads will use class loader of thread: main
2021-04-22 08:16:41.045 GMT+0000 INFO  [main] SchedulerSignalerImpl - Initialized Scheduler Signaller of type: class org.quartz.core.SchedulerSignalerImpl
2021-04-22 08:16:41.045 GMT+0000 INFO  [main] QuartzScheduler - Quartz Scheduler v.2.2.3 created.
2021-04-22 08:16:41.046 GMT+0000 INFO  [main] RAMJobStore - RAMJobStore initialized.
2021-04-22 08:16:41.046 GMT+0000 INFO  [main] QuartzScheduler - Scheduler meta-data: Quartz Scheduler (v2.2.3) 'DefaultQuartzScheduler' with instanceId 'NON_CLUSTERED'
  Scheduler class: 'org.quartz.core.QuartzScheduler' - running locally.
  NOT STARTED.
  Currently in standby mode.
  Number of jobs executed: 0
  Using thread pool 'org.quartz.simpl.SimpleThreadPool' - with 10 threads.
  Using job-store 'org.quartz.simpl.RAMJobStore' - which does not support persistence. and is not clustered.

2021-04-22 08:16:41.046 GMT+0000 INFO  [main] StdSchedulerFactory - Quartz scheduler 'DefaultQuartzScheduler' initialized from default resource file in Quartz package: 'quartz.properties'
2021-04-22 08:16:41.046 GMT+0000 INFO  [main] StdSchedulerFactory - Quartz scheduler version: 2.2.3
2021-04-22 08:16:41.047 GMT+0000 INFO  [main] QuartzScheduler - Scheduler DefaultQuartzScheduler_$_NON_CLUSTERED started.
2021-04-22 08:16:41.804 GMT+0000 INFO  [main] FrontendServer - Pipeline URL: http://pax-installation-pipeline-proxy.sutanu-supportability.svc.cluster.local:8800/?pp_inactivityThresholdMinutes=60&pp_numOfExecutors=2
[DEBUG] [04/22/2021 08:16:41.804] [PaxServer-akka.actor.default-dispatcher-2] [akka://PaxServer/user/$a] started (com.paxata.frontend.automation.AutomationLoggerImpl$AutomationLoggerActor@3722f957)
[DEBUG] [04/22/2021 08:16:41.807] [PaxServer-akka.actor.default-dispatcher-4] [akka://PaxServer/user/NotificationSchedulerActor] started (com.paxata.frontend.automation.actors.NotificationScheduler@2ba634db)
2021-04-22 08:16:41.878 GMT+0000 INFO  [main] connection - Opened connection [connectionId{localValue:3, serverValue:12864396}] to mongo-deployment-0.mongo.mongo:27017
2021-04-22 08:16:41.914 GMT+0000 INFO  [main] OrcaStimuliDeliverer - Orchestration stimuli delivery service starting up
2021-04-22 08:16:41.917 GMT+0000 INFO  [OrcaStimuliDeliverer-85] OrcaStimuliDeliverer - Orchestration stimuli delivery service thread started
2021-04-22 08:16:41.925 GMT+0000 INFO  [main] OrcaEngineWorkThreadPool - Orchestration engine thread pool made with 10 threads, queue size of 1000 and 1s keep alive
2021-04-22 08:16:41.925 GMT+0000 INFO  [main] OrcaConductor - Orchestration engines are now active
2021-04-22 08:16:41.926 GMT+0000 INFO  [main] FrontendServer - log4j.configuration = file:/usr/local/paxata/server/config/log4j.properties
2021-04-22 08:16:41.928 GMT+0000 INFO  [main] FrontendServer - Reading logging configuration from /usr/local/paxata/server/config/log4j.properties
2021-04-22 08:16:41.928 GMT+0000 INFO  [main] FrontendServer - done with enableDynamicLogging
2021-04-22 08:16:41.928 GMT+0000 INFO  [main] ConnectorFactoryServiceImpl - Uploaded 0 connectors in bootstrap directory to shared storage
2021-04-22 08:16:41.971 GMT+0000 INFO  [main] PESKeySeedServiceImpl - reading encryption properties from /usr/local/paxata/server/./config/pes.properties
2021-04-22 08:16:42.024 GMT+0000 INFO  [main] MongoDatabaseProvider - Copied pes.key.seed.hash to output
2021-04-22 08:16:42.025 GMT+0000 INFO  [main] PESKeySeedValidationServiceImpl - PES key seed validated
2021-04-22 08:16:42.141 GMT+0000 INFO  [main] UpgradeService - Checking system upgrades
2021-04-22 08:16:42.550 GMT+0000 INFO  [main] UpgradeService - System upgrades complete
2021-04-22 08:16:42.556 GMT+0000 INFO  [main] SystemJobServiceImpl - Scheduling system jobs
2021-04-22 08:16:42.663 GMT+0000 INFO  [main] JobStateCleanup - Running cleanup for nodeId/clientId: pax-installation
2021-04-22 08:16:42.692 GMT+0000 INFO  [main] JobStateCleanup - jobs available for cleanup?: false
2021-04-22 08:16:42.692 GMT+0000 INFO  [main] JobStateCleanup - Running cleanup for nodeId/clientId: sutanu-supportability-pax-installation-paxserver
2021-04-22 08:16:42.694 GMT+0000 INFO  [main] JobStateCleanup - jobs available for cleanup?: false
2021-04-22 08:16:42.744 GMT+0000 INFO  [main] JobDispatchCleanup - Expecting to delete 0 number of JobDispatch for node pax-installation
2021-04-22 08:16:42.746 GMT+0000 INFO  [main] JobDispatchCleanup - Deleted a total of 0 JobDispatch
2021-04-22 08:16:42.747 GMT+0000 INFO  [main] JobDispatchCleanup - Expecting to delete 0 number of JobDispatch for node sutanu-supportability-pax-installation-paxserver
2021-04-22 08:16:42.749 GMT+0000 INFO  [main] JobDispatchCleanup - Deleted a total of 0 JobDispatch
2021-04-22 08:16:42.799 GMT+0000 INFO  [main] DeleteInvalidTokens - Executing deleteInvalidWebTokens
2021-04-22 08:16:42.829 GMT+0000 INFO  [main] DeleteInvalidTokens - Executing deleteExpiredAuthorizationTokens
2021-04-22 08:16:42.830 GMT+0000 INFO  [main] UpgradeInstalledConnectors - Starting upgrade of all connector factories...
2021-04-22 08:16:42.832 GMT+0000 INFO  [main] ConnectorUpgrade - Building connector dependency graph
2021-04-22 08:16:42.878 GMT+0000 INFO  [main] ConnectorUpgrade - Total time to build connector dependency graph 46 ms
2021-04-22 08:16:42.884 GMT+0000 INFO  [main] SystemJobServiceImpl - Scheduling system jobs complete
2021-04-22 08:16:42.923 GMT+0000 INFO  [main] GuardrailsInitializer - Initializing GlobalDefault guardrail values from system properties
2021-04-22 08:16:43.933 GMT+0000 INFO  [main] GuardrailsInitializer - Updating guardrail 'guardrail.px.pipeline.inactivity.timeout' with value set from system property
2021-04-22 08:16:43.961 GMT+0000 INFO  [main] FrontendServer - Pipeline library servlet URL: http://pax-installation-paxserver-internal.sutanu-supportability:9080/library
2021-04-22 08:16:43.991 GMT+0000 INFO  [main] log - Logging initialized @8052ms
2021-04-22 08:16:44.002 GMT+0000 INFO  [main] FrontendServer - Pipeline tier servlet URL: http://pax-installation-paxserver-internal.sutanu-supportability:9080/library/tiers
2021-04-22 08:16:44.006 GMT+0000 INFO  [main] FrontendServer - Pipeline retention history servlet URL: http://pax-installation-paxserver-internal.sutanu-supportability:9080/retention/history
2021-04-22 08:16:44.033 GMT+0000 INFO  [main] FrontendServer - Starting up local pipeline library servlet on port 9080
2021-04-22 08:16:44.035 GMT+0000 INFO  [main] Server - jetty-9.2.10.v20150310
2021-04-22 08:16:44.060 GMT+0000 INFO  [main] ContextHandler - Started o.e.j.s.ServletContextHandler@3e5595da{/,null,AVAILABLE}
2021-04-22 08:16:44.070 GMT+0000 INFO  [main] ServerConnector - Started ServerConnector@541d5c48{HTTP/1.1}{0.0.0.0:9080}
2021-04-22 08:16:44.070 GMT+0000 INFO  [main] Server - Started @8130ms
2021-04-22 08:16:44.072 GMT+0000 INFO  [main] FrontendServer - Load balancer specified:https-pax-installation-sutanu-supportability-paxata-test-eks.paxata.ninja-false(443)
2021-04-22 08:16:44.104 GMT+0000 INFO  [main] Context - java.vendor=Oracle Corporation
2021-04-22 08:16:44.104 GMT+0000 INFO  [main] Context - java.version=1.8.0_212
2021-04-22 08:16:44.104 GMT+0000 INFO  [main] Context - java.vm.name=OpenJDK 64-Bit Server VM
2021-04-22 08:16:47.935 GMT+0000 INFO  [main] Context - Using Java 6+ JAXB implementation
2021-04-22 08:16:48.151 GMT+0000 INFO  [main] FrontendServer - Servlet multi-part directory: /usr/local/paxata/server/././tmp/multipart
2021-04-22 08:16:48.154 GMT+0000 INFO  [main] FrontendServer - Servlet multi-part directory: /usr/local/paxata/server/././tmp/multipart
2021-04-22 08:16:48.174 GMT+0000 INFO  [main] FrontendServer - Using website resource location: webapp/
2021-04-22 08:16:48.180 GMT+0000 INFO  [main] FrontendServer - Paxata Front End version 2020.2.pr.2020.2_service-pack-development
2021-04-22 08:16:48.180 GMT+0000 INFO  [main] FrontendServer - Starting up Paxata Front End at Thu Apr 22 08:16:48 UTC 2021
2021-04-22 08:16:48.180 GMT+0000 INFO  [main] Server - jetty-9.2.10.v20150310
2021-04-22 08:16:48.183 GMT+0000 INFO  [main] ContextHandler - Started o.e.j.s.ServletContextHandler@38980d25{/email,null,AVAILABLE}
2021-04-22 08:16:48.186 GMT+0000 INFO  [main] ContextHandler - Started o.e.j.s.ServletContextHandler@dcfd5eb{/password,null,AVAILABLE}
2021-04-22 08:16:48.187 GMT+0000 INFO  [main] ContextHandler - Started o.e.j.s.h.ContextHandler@74a175ce{/,null,AVAILABLE}
2021-04-22 08:16:48.187 GMT+0000 INFO  [main] ContextHandler - Started c.p.j.DomainInterceptHandler@26bb2723{/domain,null,AVAILABLE}
2021-04-22 08:16:48.216 GMT+0000 INFO  [main] ContextHandler - Started o.e.j.s.ServletContextHandler@2ee3bf7f{/api,null,AVAILABLE}
2021-04-22 08:16:48.217 GMT+0000 INFO  [main] ContextHandler - Started o.e.j.s.ServletContextHandler@605bbd31{/upload,null,AVAILABLE}
2021-04-22 08:16:48.217 GMT+0000 INFO  [main] ContextHandler - Started o.e.j.s.ServletContextHandler@380ce6fc{/i18n,null,AVAILABLE}
2021-04-22 08:16:48.217 GMT+0000 INFO  [main] ContextHandler - Started o.e.j.s.ServletContextHandler@43628262{/ping,null,AVAILABLE}
2021-04-22 08:16:48.217 GMT+0000 INFO  [main] ContextHandler - Started o.e.j.s.ServletContextHandler@3b91f637{/rest,null,AVAILABLE}
2021-04-22 08:16:48.218 GMT+0000 INFO  [main] ContextHandler - Started o.e.j.s.ServletContextHandler@206bd519{/health,null,AVAILABLE}
2021-04-22 08:16:48.218 GMT+0000 INFO  [main] ContextHandler - Started o.e.j.s.ServletContextHandler@5d1f0cf7{/export,null,AVAILABLE}
2021-04-22 08:16:48.222 GMT+0000 INFO  [main] ContextHandler - Started o.e.j.s.ServletContextHandler@3663c8d{/automationlog,null,AVAILABLE}
2021-04-22 08:16:48.223 GMT+0000 INFO  [main] ContextHandler - Started o.e.j.s.ServletContextHandler@139f519c{/projectAuditDoc,null,AVAILABLE}
2021-04-22 08:16:48.223 GMT+0000 INFO  [main] ContextHandler - Started o.e.j.s.ServletContextHandler@5ebf2121{/loginsettings,null,AVAILABLE}
2021-04-22 08:16:48.224 GMT+0000 INFO  [main] /sso - Initializing Spring root WebApplicationContext
2021-04-22 08:16:48.224 GMT+0000 INFO  [main] ContextLoader - Root WebApplicationContext: initialization started
2021-04-22 08:16:48.236 GMT+0000 INFO  [main] XmlWebApplicationContext - Refreshing Root WebApplicationContext: startup date [Thu Apr 22 08:16:48 UTC 2021]; root of context hierarchy
2021-04-22 08:16:48.302 GMT+0000 INFO  [main] SpringSecurityCoreVersion - You are running with Spring Security Core 5.0.6.RELEASE
2021-04-22 08:16:48.305 GMT+0000 INFO  [main] SecurityNamespaceHandler - Spring Security 'config' module version is 5.0.6.RELEASE
2021-04-22 08:16:48.352 GMT+0000 INFO  [main] HttpSecurityBeanDefinitionParser - Checking sorted filter chain: [Root bean: class [org.springframework.security.web.context.SecurityContextPersistenceFilter]; scope=; abstract=false; lazyInit=false; autowireMode=0; dependencyCheck=0; autowireCandidate=true; primary=false; factoryBeanName=null; factoryMethodName=null; initMethodName=null; destroyMethodName=null, order = 200, Root bean: class [org.springframework.security.web.context.request.async.WebAsyncManagerIntegrationFilter]; scope=; abstract=false; lazyInit=false; autowireMode=0; dependencyCheck=0; autowireCandidate=true; primary=false; factoryBeanName=null; factoryMethodName=null; initMethodName=null; destroyMethodName=null, order = 400, Root bean: class [org.springframework.security.web.header.HeaderWriterFilter]; scope=; abstract=false; lazyInit=false; autowireMode=0; dependencyCheck=0; autowireCandidate=true; primary=false; factoryBeanName=null; factoryMethodName=null; initMethodName=null; destroyMethodName=null, order = 500, <samlFilter>, order = 1601, Root bean: class [org.springframework.security.web.savedrequest.RequestCacheAwareFilter]; scope=; abstract=false; lazyInit=false; autowireMode=0; dependencyCheck=0; autowireCandidate=true; primary=false; factoryBeanName=null; factoryMethodName=null; initMethodName=null; destroyMethodName=null, order = 1700, Root bean: class [null]; scope=; abstract=false; lazyInit=false; autowireMode=0; dependencyCheck=0; autowireCandidate=true; primary=false; factoryBeanName=org.springframework.security.config.http.HttpConfigurationBuilder$SecurityContextHolderAwareRequestFilterBeanFactory#0; factoryMethodName=getBean; initMethodName=null; destroyMethodName=null, order = 1800, Root bean: class [org.springframework.security.web.authentication.AnonymousAuthenticationFilter]; scope=; abstract=false; lazyInit=false; autowireMode=0; dependencyCheck=0; autowireCandidate=true; primary=false; factoryBeanName=null; factoryMethodName=null; initMethodName=null; destroyMethodName=null, order = 2100, Root bean: class [org.springframework.security.web.session.SessionManagementFilter]; scope=; abstract=false; lazyInit=false; autowireMode=0; dependencyCheck=0; autowireCandidate=true; primary=false; factoryBeanName=null; factoryMethodName=null; initMethodName=null; destroyMethodName=null, order = 2200, Root bean: class [org.springframework.security.web.access.ExceptionTranslationFilter]; scope=; abstract=false; lazyInit=false; autowireMode=0; dependencyCheck=0; autowireCandidate=true; primary=false; factoryBeanName=null; factoryMethodName=null; initMethodName=null; destroyMethodName=null, order = 2300, <org.springframework.security.web.access.intercept.FilterSecurityInterceptor#0>, order = 2400]
2021-04-22 08:16:49.676 GMT+0000 INFO  [main] PXKeyManagerWrapper - Loading SAML key file
2021-04-22 08:16:49.754 GMT+0000 INFO  [main] PXSAMLContextProvider - Initializing org.springframework.security.saml.context.SAMLContextProviderLB
2021-04-22 08:16:49.762 GMT+0000 INFO  [main] PXSAMLContextProvider - Initialized org.springframework.security.saml.context.SAMLContextProviderLB
2021-04-22 08:16:49.772 GMT+0000 INFO  [main] DefaultSecurityFilterChain - Creating filter chain: Ant [pattern='/saml/login/**'], [com.paxata.frontend.sso.auth.PXSAMLEntryPoint@20a4c67d]
2021-04-22 08:16:49.796 GMT+0000 INFO  [main] DefaultSecurityFilterChain - Creating filter chain: Ant [pattern='/saml/logout/**'], [org.springframework.security.saml.SAMLLogoutFilter@195d5108]
2021-04-22 08:16:49.868 GMT+0000 INFO  [main] DefaultSecurityFilterChain - Creating filter chain: Ant [pattern='/saml/SSO/**'], [org.springframework.security.saml.SAMLProcessingFilter@42f3dac6]
2021-04-22 08:16:49.871 GMT+0000 INFO  [main] DefaultSecurityFilterChain - Creating filter chain: Ant [pattern='/saml/SSOHoK/**'], [org.springframework.security.saml.SAMLWebSSOHoKProcessingFilter@7be7d4]
2021-04-22 08:16:49.876 GMT+0000 INFO  [main] DefaultSecurityFilterChain - Creating filter chain: Ant [pattern='/saml/SingleLogout/**'], [org.springframework.security.saml.SAMLLogoutProcessingFilter@18904f72]
2021-04-22 08:16:49.950 GMT+0000 INFO  [main] DefaultSecurityFilterChain - Creating filter chain: org.springframework.security.web.util.matcher.AnyRequestMatcher@1, [org.springframework.security.web.context.SecurityContextPersistenceFilter@325b2e79, org.springframework.security.web.context.request.async.WebAsyncManagerIntegrationFilter@588a0e45, org.springframework.security.web.header.HeaderWriterFilter@30ad1d8d, FilterChainProxy[Filter Chains: [[ Ant [pattern='/saml/login/**'], [com.paxata.frontend.sso.auth.PXSAMLEntryPoint@20a4c67d]], [ Ant [pattern='/saml/logout/**'], [org.springframework.security.saml.SAMLLogoutFilter@195d5108]], [ Ant [pattern='/saml/SSO/**'], [org.springframework.security.saml.SAMLProcessingFilter@42f3dac6]], [ Ant [pattern='/saml/SSOHoK/**'], [org.springframework.security.saml.SAMLWebSSOHoKProcessingFilter@7be7d4]], [ Ant [pattern='/saml/SingleLogout/**'], [org.springframework.security.saml.SAMLLogoutProcessingFilter@18904f72]]]], org.springframework.security.web.savedrequest.RequestCacheAwareFilter@2223fd76, org.springframework.security.web.servletapi.SecurityContextHolderAwareRequestFilter@496037ad, org.springframework.security.web.authentication.AnonymousAuthenticationFilter@4110e0e2, org.springframework.security.web.session.SessionManagementFilter@1989cc38, org.springframework.security.web.access.ExceptionTranslationFilter@247c4a32, org.springframework.security.web.access.intercept.FilterSecurityInterceptor@6ce9cc4f]
2021-04-22 08:16:49.974 GMT+0000 INFO  [main] ContextLoader - Root WebApplicationContext: initialization completed in 1750 ms
2021-04-22 08:16:49.976 GMT+0000 INFO  [main] ContextHandler - Started o.e.j.s.ServletContextHandler@557a2fe7{/sso,null,AVAILABLE}
2021-04-22 08:16:49.976 GMT+0000 INFO  [main] ContextHandler - Started o.e.j.s.ServletContextHandler@539c20ed{/supportability,null,AVAILABLE}
2021-04-22 08:16:49.977 GMT+0000 INFO  [main] ServerConnector - Started ServerConnector@3e0238c{HTTP/1.1}{0.0.0.0:8080}
2021-04-22 08:16:49.978 GMT+0000 INFO  [main] Server - Started @14038ms
2021-04-22 08:16:49.978 GMT+0000 INFO  [main] PXCachingMetadataManager - loading SAML metadata providers.
2021-04-22 08:16:49.995 GMT+0000 INFO  [main] PXCachingMetadataManager - DONE loading SAML metadata providers.
2021-04-22 08:16:49.995 GMT+0000 INFO  [main] FrontendServer - Started up Paxata Front End at Thu Apr 22 08:16:49 UTC 2021
2021-04-22 08:16:49.996 GMT+0000 INFO  [main] JobSchedulerSetUp - Creating JobScheduler
2021-04-22 08:16:49.999 GMT+0000 INFO  [main] JobSchedulerSetUp - Creating JobWorker WorkerActor_0
[DEBUG] [04/22/2021 08:16:49.999] [PaxServer-akka.actor.default-dispatcher-3] [akka://PaxServer/user] now supervising Actor[akka://PaxServer/user/JobSchedulerActor#721639300]
2021-04-22 08:16:50.001 GMT+0000 INFO  [main] JobSchedulerSetUp - Creating JobWorker WorkerActor_1
2021-04-22 08:16:50.001 GMT+0000 INFO  [main] JobSchedulerSetUp - Creating JobWorker WorkerActor_2
[DEBUG] [04/22/2021 08:16:50.001] [PaxServer-akka.actor.default-dispatcher-3] [akka://PaxServer/user] now supervising Actor[akka://PaxServer/user/WorkerActor_0#1790064551]
2021-04-22 08:16:50.002 GMT+0000 INFO  [main] JobSchedulerSetUp - Creating JobWorker WorkerActor_3
[DEBUG] [04/22/2021 08:16:50.002] [PaxServer-akka.actor.default-dispatcher-3] [akka://PaxServer/user] now supervising Actor[akka://PaxServer/user/WorkerActor_1#1001089064]
2021-04-22 08:16:50.002 GMT+0000 INFO  [PaxServer-akka.actor.default-dispatcher-4] JobScheduler - Scheduling runs every 5 seconds
2021-04-22 08:16:50.006 GMT+0000 INFO  [main] JobSchedulerSetUp - Creating JobWorker WorkerActor_4
2021-04-22 08:16:50.006 GMT+0000 INFO  [main] JobSchedulerSetUp - Creating JobWorker WorkerActor_5
2021-04-22 08:16:50.006 GMT+0000 INFO  [main] JobSchedulerSetUp - Creating JobWorker WorkerActor_6
2021-04-22 08:16:50.007 GMT+0000 INFO  [main] JobSchedulerSetUp - Creating JobWorker WorkerActor_7
[DEBUG] [04/22/2021 08:16:50.007] [PaxServer-akka.actor.default-dispatcher-3] [akka://PaxServer/user] now supervising Actor[akka://PaxServer/user/WorkerActor_2#-1519837525]
2021-04-22 08:16:50.007 GMT+0000 INFO  [main] JobSchedulerSetUp - Creating JobWorker WorkerActor_8
[DEBUG] [04/22/2021 08:16:50.007] [PaxServer-akka.actor.default-dispatcher-4] [akka://PaxServer/user/JobSchedulerActor] started (com.paxata.frontend.automation.actors.JobScheduler@5d71b560)
2021-04-22 08:16:50.007 GMT+0000 INFO  [main] JobSchedulerSetUp - Creating JobWorker WorkerActor_9
[DEBUG] [04/22/2021 08:16:50.007] [PaxServer-akka.actor.default-dispatcher-3] [akka://PaxServer/user] now supervising Actor[akka://PaxServer/user/WorkerActor_3#48435508]
2021-04-22 08:16:50.008 GMT+0000 INFO  [PaxServer-akka.actor.default-dispatcher-4] JobWorker - Registering myself WorkerActor_3 with master
[DEBUG] [04/22/2021 08:16:50.008] [PaxServer-akka.actor.default-dispatcher-4] [akka://PaxServer/user/WorkerActor_3] started (com.paxata.frontend.automation.actors.JobWorker@799a4d48)
2021-04-22 08:16:50.010 GMT+0000 INFO  [PaxServer-akka.actor.default-dispatcher-4] JobWorker - Registering myself WorkerActor_5 with master
2021-04-22 08:16:50.010 GMT+0000 INFO  [PaxServer-akka.actor.default-dispatcher-4] JobWorker - Registering myself WorkerActor_6 with master
[DEBUG] [04/22/2021 08:16:50.010] [PaxServer-akka.actor.default-dispatcher-3] [akka://PaxServer/user] now supervising Actor[akka://PaxServer/user/WorkerActor_4#542170612]
[DEBUG] [04/22/2021 08:16:50.010] [PaxServer-akka.actor.default-dispatcher-3] [akka://PaxServer/user] now supervising Actor[akka://PaxServer/user/WorkerActor_5#288357469]
[DEBUG] [04/22/2021 08:16:50.010] [PaxServer-akka.actor.default-dispatcher-4] [akka://PaxServer/user/WorkerActor_5] started (com.paxata.frontend.automation.actors.JobWorker@29903dae)
[DEBUG] [04/22/2021 08:16:50.010] [PaxServer-akka.actor.default-dispatcher-4] [akka://PaxServer/user/WorkerActor_6] started (com.paxata.frontend.automation.actors.JobWorker@17ca2235)
[DEBUG] [04/22/2021 08:16:50.010] [PaxServer-akka.actor.default-dispatcher-3] [akka://PaxServer/user] now supervising Actor[akka://PaxServer/user/WorkerActor_6#-110030742]
[DEBUG] [04/22/2021 08:16:50.010] [PaxServer-akka.actor.default-dispatcher-3] [akka://PaxServer/user] now supervising Actor[akka://PaxServer/user/WorkerActor_7#-1559198853]
[DEBUG] [04/22/2021 08:16:50.010] [PaxServer-akka.actor.default-dispatcher-3] [akka://PaxServer/user] now supervising Actor[akka://PaxServer/user/WorkerActor_8#631391196]
[DEBUG] [04/22/2021 08:16:50.010] [PaxServer-akka.actor.default-dispatcher-3] [akka://PaxServer/user] now supervising Actor[akka://PaxServer/user/WorkerActor_9#1813781904]
2021-04-22 08:16:50.008 GMT+0000 INFO  [PaxServer-akka.actor.default-dispatcher-5] JobWorker - Registering myself WorkerActor_1 with master
2021-04-22 08:16:50.010 GMT+0000 INFO  [PaxServer-akka.actor.default-dispatcher-7] JobScheduler - Worker Actor[akka://PaxServer/user/WorkerActor_3#48435508] registered
2021-04-22 08:16:50.011 GMT+0000 INFO  [PaxServer-akka.actor.default-dispatcher-3] JobWorker - Registering myself WorkerActor_9 with master
[DEBUG] [04/22/2021 08:16:50.012] [PaxServer-akka.actor.default-dispatcher-5] [akka://PaxServer/user/WorkerActor_1] started (com.paxata.frontend.automation.actors.JobWorker@6a4e50b2)
2021-04-22 08:16:50.010 GMT+0000 INFO  [PaxServer-akka.actor.default-dispatcher-11] JobWorker - Registering myself WorkerActor_8 with master
[DEBUG] [04/22/2021 08:16:50.013] [PaxServer-akka.actor.default-dispatcher-3] [akka://PaxServer/user/WorkerActor_9] started (com.paxata.frontend.automation.actors.JobWorker@2530805)
2021-04-22 08:16:50.010 GMT+0000 INFO  [PaxServer-akka.actor.default-dispatcher-12] JobWorker - Registering myself WorkerActor_7 with master
2021-04-22 08:16:50.009 GMT+0000 INFO  [PaxServer-akka.actor.default-dispatcher-6] JobWorker - Registering myself WorkerActor_2 with master
[DEBUG] [04/22/2021 08:16:50.013] [PaxServer-akka.actor.default-dispatcher-11] [akka://PaxServer/user/WorkerActor_8] started (com.paxata.frontend.automation.actors.JobWorker@38eaad17)
2021-04-22 08:16:50.008 GMT+0000 INFO  [PaxServer-akka.actor.default-dispatcher-2] JobWorker - Registering myself WorkerActor_0 with master
[DEBUG] [04/22/2021 08:16:50.013] [PaxServer-akka.actor.default-dispatcher-12] [akka://PaxServer/user/WorkerActor_7] started (com.paxata.frontend.automation.actors.JobWorker@6660d7bb)
2021-04-22 08:16:50.008 GMT+0000 INFO  [PaxServer-akka.actor.default-dispatcher-8] JobWorker - Registering myself WorkerActor_4 with master
2021-04-22 08:16:50.013 GMT+0000 INFO  [PaxServer-akka.actor.default-dispatcher-7] JobScheduler - Worker Actor[akka://PaxServer/user/WorkerActor_5#288357469] registered
[DEBUG] [04/22/2021 08:16:50.013] [PaxServer-akka.actor.default-dispatcher-6] [akka://PaxServer/user/WorkerActor_2] started (com.paxata.frontend.automation.actors.JobWorker@39d5fcc6)
2021-04-22 08:16:50.014 GMT+0000 INFO  [PaxServer-akka.actor.default-dispatcher-7] JobScheduler - Worker Actor[akka://PaxServer/user/WorkerActor_6#-110030742] registered
[DEBUG] [04/22/2021 08:16:50.013] [PaxServer-akka.actor.default-dispatcher-2] [akka://PaxServer/user/WorkerActor_0] started (com.paxata.frontend.automation.actors.JobWorker@175b068f)
2021-04-22 08:16:50.014 GMT+0000 INFO  [PaxServer-akka.actor.default-dispatcher-7] JobScheduler - Worker Actor[akka://PaxServer/user/WorkerActor_1#1001089064] registered
[DEBUG] [04/22/2021 08:16:50.013] [PaxServer-akka.actor.default-dispatcher-8] [akka://PaxServer/user/WorkerActor_4] started (com.paxata.frontend.automation.actors.JobWorker@2fa614d2)
2021-04-22 08:16:50.014 GMT+0000 INFO  [PaxServer-akka.actor.default-dispatcher-7] JobScheduler - Worker Actor[akka://PaxServer/user/WorkerActor_9#1813781904] registered
[DEBUG] [04/22/2021 08:16:50.013] [PaxServer-akka.actor.default-dispatcher-11] [akka://PaxServer/user/WorkerActor_3] now watched by Actor[akka://PaxServer/user/JobSchedulerActor#721639300]
2021-04-22 08:16:50.014 GMT+0000 INFO  [PaxServer-akka.actor.default-dispatcher-7] JobScheduler - Worker Actor[akka://PaxServer/user/WorkerActor_8#631391196] registered
[DEBUG] [04/22/2021 08:16:50.013] [PaxServer-akka.actor.default-dispatcher-11] [akka://PaxServer/user/WorkerActor_5] now watched by Actor[akka://PaxServer/user/JobSchedulerActor#721639300]
2021-04-22 08:16:50.014 GMT+0000 INFO  [PaxServer-akka.actor.default-dispatcher-7] JobScheduler - Worker Actor[akka://PaxServer/user/WorkerActor_7#-1559198853] registered
[DEBUG] [04/22/2021 08:16:50.014] [PaxServer-akka.actor.default-dispatcher-5] [akka://PaxServer/user/WorkerActor_6] now watched by Actor[akka://PaxServer/user/JobSchedulerActor#721639300]
2021-04-22 08:16:50.014 GMT+0000 INFO  [PaxServer-akka.actor.default-dispatcher-7] JobScheduler - Worker Actor[akka://PaxServer/user/WorkerActor_2#-1519837525] registered
[DEBUG] [04/22/2021 08:16:50.014] [PaxServer-akka.actor.default-dispatcher-5] [akka://PaxServer/user/WorkerActor_1] now watched by Actor[akka://PaxServer/user/JobSchedulerActor#721639300]
2021-04-22 08:16:50.014 GMT+0000 INFO  [PaxServer-akka.actor.default-dispatcher-7] JobScheduler - Worker Actor[akka://PaxServer/user/WorkerActor_0#1790064551] registered
[DEBUG] [04/22/2021 08:16:50.014] [PaxServer-akka.actor.default-dispatcher-5] [akka://PaxServer/user/WorkerActor_9] now watched by Actor[akka://PaxServer/user/JobSchedulerActor#721639300]
2021-04-22 08:16:50.015 GMT+0000 INFO  [PaxServer-akka.actor.default-dispatcher-7] JobScheduler - Worker Actor[akka://PaxServer/user/WorkerActor_4#542170612] registered
[DEBUG] [04/22/2021 08:16:50.014] [PaxServer-akka.actor.default-dispatcher-5] [akka://PaxServer/user/WorkerActor_8] now watched by Actor[akka://PaxServer/user/JobSchedulerActor#721639300]
[DEBUG] [04/22/2021 08:16:50.014] [PaxServer-akka.actor.default-dispatcher-5] [akka://PaxServer/user/WorkerActor_7] now watched by Actor[akka://PaxServer/user/JobSchedulerActor#721639300]
[DEBUG] [04/22/2021 08:16:50.014] [PaxServer-akka.actor.default-dispatcher-5] [akka://PaxServer/user/WorkerActor_2] now watched by Actor[akka://PaxServer/user/JobSchedulerActor#721639300]
[DEBUG] [04/22/2021 08:16:50.015] [PaxServer-akka.actor.default-dispatcher-5] [akka://PaxServer/user/WorkerActor_0] now watched by Actor[akka://PaxServer/user/JobSchedulerActor#721639300]
[DEBUG] [04/22/2021 08:16:50.015] [PaxServer-akka.actor.default-dispatcher-5] [akka://PaxServer/user/WorkerActor_4] now watched by Actor[akka://PaxServer/user/JobSchedulerActor#721639300]
2021-04-22 08:16:50.015 GMT+0000 INFO  [DataRetentionEnforcer] DataRetentionEnforcer - Data retention enforcement started
2021-04-22 08:16:56.681 GMT+0000 INFO  [?-?-3645d9f83ea541c7bed0d02e8e5e0754-1-21048859cec04a828911aa7fdc8c01f4-authenticate] PXWebSocketEndpoint - Request Start
2021-04-22 08:16:56.688 GMT+0000 INFO  [?-?-3645d9f83ea541c7bed0d02e8e5e0754-1-21048859cec04a828911aa7fdc8c01f4-authenticate] SessionWebServiceImpl - username=superuser,domain=null,authtype=TOKEN,authConfigId=null,tenantId=null,action=authenticate
2021-04-22 08:16:56.726 GMT+0000 INFO  [?-?-3645d9f83ea541c7bed0d02e8e5e0754-1-21048859cec04a828911aa7fdc8c01f4-authenticate] PermissionCache$ - Security ACL cache invalidation is turned off
2021-04-22 08:16:56.941 GMT+0000 INFO  [?-?-3645d9f83ea541c7bed0d02e8e5e0754-1-21048859cec04a828911aa7fdc8c01f4-authenticate] PXWebSocketEndpoint - Request End: duration=273 ms
2021-04-22 08:16:57.365 GMT+0000 INFO  [administration-superuser-3645d9f83ea541c7bed0d02e8e5e0754-1-448d8b1575c24916b4a05a5264e4515e-userService.read] PXWebSocketEndpoint - Request Start
2021-04-22 08:16:57.365 GMT+0000 INFO  [administration-superuser-3645d9f83ea541c7bed0d02e8e5e0754-2-86c64b6c53964b12bbb875f4f855f0ce-projectService.read] PXWebSocketEndpoint - Request Start
2021-04-22 08:16:57.415 GMT+0000 INFO  [administration-superuser-3645d9f83ea541c7bed0d02e8e5e0754-1-448d8b1575c24916b4a05a5264e4515e-userService.read] PXWebSocketEndpoint - Request End: duration=57 ms
2021-04-22 08:16:57.431 GMT+0000 INFO  [administration-superuser-3645d9f83ea541c7bed0d02e8e5e0754-2-86c64b6c53964b12bbb875f4f855f0ce-projectService.read] PXWebSocketEndpoint - Request End: duration=73 ms
2021-04-22 08:16:59.154 GMT+0000 INFO  [administration-superuser-3645d9f83ea541c7bed0d02e8e5e0754-4-c0267040247443a59006350118b306cb-logStateChangeEvent] PXWebSocketEndpoint - Request Start
2021-04-22 08:16:59.154 GMT+0000 INFO  [administration-superuser-3645d9f83ea541c7bed0d02e8e5e0754-3-fecc2292d91d4de6ad1e1556e242e702-projectService.inDemoMode] PXWebSocketEndpoint - Request Start
2021-04-22 08:16:59.159 GMT+0000 INFO  [administration-superuser-3645d9f83ea541c7bed0d02e8e5e0754-3-fecc2292d91d4de6ad1e1556e242e702-projectService.inDemoMode] PXWebSocketEndpoint - Request End: duration=7 ms
2021-04-22 08:16:59.171 GMT+0000 INFO  [administration-superuser-3645d9f83ea541c7bed0d02e8e5e0754-5-90de2766cdb849558b640ba92fe81121-guardRailsService.getTenantGuardrailValues] PXWebSocketEndpoint - Request Start
2021-04-22 08:16:59.172 GMT+0000 INFO  [administration-superuser-3645d9f83ea541c7bed0d02e8e5e0754-6-a73e10965f9b4800a0647c0f13ef45b0-guardRailsService.getTenantGuardrailValues] PXWebSocketEndpoint - Request Start
2021-04-22 08:16:59.180 GMT+0000 INFO  [administration-superuser-3645d9f83ea541c7bed0d02e8e5e0754-6-a73e10965f9b4800a0647c0f13ef45b0-guardRailsService.getTenantGuardrailValues] PXWebSocketEndpoint - Request End: duration=9 ms
2021-04-22 08:16:59.180 GMT+0000 INFO  [administration-superuser-3645d9f83ea541c7bed0d02e8e5e0754-4-c0267040247443a59006350118b306cb-logStateChangeEvent] connection - Opened connection [connectionId{localValue:4, serverValue:12864465}] to mongo-deployment-0.mongo.mongo:27017
2021-04-22 08:16:59.187 GMT+0000 INFO  [administration-superuser-3645d9f83ea541c7bed0d02e8e5e0754-7-32738a8cf82f4484a4d2f948e443a5cf-projectService.getProjectLimits] PXWebSocketEndpoint - Request Start
2021-04-22 08:16:59.192 GMT+0000 INFO  [administration-superuser-3645d9f83ea541c7bed0d02e8e5e0754-8-79f6546bfe9f4707b0622a3430a3fd38-projectService.getTransformationFunctions] PXWebSocketEndpoint - Request Start
2021-04-22 08:16:59.193 GMT+0000 INFO  [administration-superuser-3645d9f83ea541c7bed0d02e8e5e0754-9-c9575e0be5fb4a33af5cd9468e0c6fa1-scriptManagerService.getLatestScript] PXWebSocketEndpoint - Request Start
2021-04-22 08:16:59.209 GMT+0000 INFO  [administration-superuser-3645d9f83ea541c7bed0d02e8e5e0754-5-90de2766cdb849558b640ba92fe81121-guardRailsService.getTenantGuardrailValues] PXWebSocketEndpoint - Request End: duration=39 ms
2021-04-22 08:16:59.210 GMT+0000 INFO  [administration-superuser-3645d9f83ea541c7bed0d02e8e5e0754-8-79f6546bfe9f4707b0622a3430a3fd38-projectService.getTransformationFunctions] PXWebSocketEndpoint - Request End: duration=19 ms
2021-04-22 08:16:59.289 GMT+0000 INFO  [administration-superuser-3645d9f83ea541c7bed0d02e8e5e0754-4-c0267040247443a59006350118b306cb-logStateChangeEvent] PipelineClient$ - Pipeline at http://pax-installation-pipeline-proxy.sutanu-supportability.svc.cluster.local:8800/?pp_numOfExecutors=2&pp_inactivityThresholdMinutes=100 is running.
2021-04-22 08:16:59.292 GMT+0000 ERROR [administration-superuser-3645d9f83ea541c7bed0d02e8e5e0754-4-c0267040247443a59006350118b306cb-logStateChangeEvent] PXWebSocketEndpoint - Unexpected server failure for request with methodName : logStateChangeEvent, messageId: 4, sessionId : 3645d9f83ea541c7bed0d02e8e5e0754
java.lang.NullPointerException
	at com.paxata.frontend.server.SessionWebServiceImpl.logStateChangeEvent(SessionWebServiceImpl.java:326)
	at sun.reflect.GeneratedMethodAccessor1027.invoke(Unknown Source)
	at java.lang.reflect.Method.invoke(Method.java:498)
	at com.paxata.frontend.util.PXWebSocketProtocolHandler$PXMethodHandler.call(PXWebSocketProtocolHandler.java:144)
	at com.paxata.frontend.util.PXWebSocketEndpoint.performMethodCall(PXWebSocketEndpoint.java:324)
	at com.paxata.frontend.util.PXWebSocketEndpoint.processMessage(PXWebSocketEndpoint.java:216)
	at com.paxata.frontend.util.PXWebSocketEndpoint.access$000(PXWebSocketEndpoint.java:49)
	at com.paxata.frontend.util.PXWebSocketEndpoint$1.run(PXWebSocketEndpoint.java:139)
	at java.util.concurrent.ThreadPoolExecutor.runWorker(ThreadPoolExecutor.java:1149)
	at java.util.concurrent.ThreadPoolExecutor$Worker.run(ThreadPoolExecutor.java:624)
	at java.lang.Thread.run(Thread.java:748)
2021-04-22 08:16:59.293 GMT+0000 INFO  [administration-superuser-3645d9f83ea541c7bed0d02e8e5e0754-4-c0267040247443a59006350118b306cb-logStateChangeEvent] PXWebSocketEndpoint - Request End: duration=141 ms
Exception in thread "System" java.lang.NullPointerException
	at com.paxata.frontend.util.PXWebSocketEndpoint.processMessage(PXWebSocketEndpoint.java:236)
	at com.paxata.frontend.util.PXWebSocketEndpoint.access$000(PXWebSocketEndpoint.java:49)
	at com.paxata.frontend.util.PXWebSocketEndpoint$1.run(PXWebSocketEndpoint.java:139)
	at java.util.concurrent.ThreadPoolExecutor.runWorker(ThreadPoolExecutor.java:1149)
	at java.util.concurrent.ThreadPoolExecutor$Worker.run(ThreadPoolExecutor.java:624)
	at java.lang.Thread.run(Thread.java:748)
2021-04-22 08:16:59.300 GMT+0000 INFO  [administration-superuser-3645d9f83ea541c7bed0d02e8e5e0754-7-32738a8cf82f4484a4d2f948e443a5cf-projectService.getProjectLimits] PXWebSocketEndpoint - Request End: duration=114 ms
Exception in thread "System" java.lang.NullPointerException
	at com.paxata.frontend.util.PXWebSocketEndpoint.processMessage(PXWebSocketEndpoint.java:236)
	at com.paxata.frontend.util.PXWebSocketEndpoint.access$000(PXWebSocketEndpoint.java:49)
	at com.paxata.frontend.util.PXWebSocketEndpoint$1.run(PXWebSocketEndpoint.java:139)
	at java.util.concurrent.ThreadPoolExecutor.runWorker(ThreadPoolExecutor.java:1149)
	at java.util.concurrent.ThreadPoolExecutor$Worker.run(ThreadPoolExecutor.java:624)
	at java.lang.Thread.run(Thread.java:748)
2021-04-22 08:16:59.439 GMT+0000 INFO  [administration-superuser-3645d9f83ea541c7bed0d02e8e5e0754-9-c9575e0be5fb4a33af5cd9468e0c6fa1-scriptManagerService.getLatestScript] PXWebSocketEndpoint - Request End: duration=247 ms
Exception in thread "System" java.lang.NullPointerException
	at com.paxata.frontend.util.PXWebSocketEndpoint.processMessage(PXWebSocketEndpoint.java:236)
	at com.paxata.frontend.util.PXWebSocketEndpoint.access$000(PXWebSocketEndpoint.java:49)
	at com.paxata.frontend.util.PXWebSocketEndpoint$1.run(PXWebSocketEndpoint.java:139)
	at java.util.concurrent.ThreadPoolExecutor.runWorker(ThreadPoolExecutor.java:1149)
	at java.util.concurrent.ThreadPoolExecutor$Worker.run(ThreadPoolExecutor.java:624)
	at java.lang.Thread.run(Thread.java:748)
2021-04-22 08:17:00.427 GMT+0000 INFO  [?-?-a59bf3f1438b40bfac3e29806a1d3522-1-67dd7711d70841338aa287f786e909dc-authenticate] PXWebSocketEndpoint - Request Start
2021-04-22 08:17:00.429 GMT+0000 INFO  [?-?-a59bf3f1438b40bfac3e29806a1d3522-1-67dd7711d70841338aa287f786e909dc-authenticate] SessionWebServiceImpl - username=superuser,domain=null,authtype=TOKEN,authConfigId=null,tenantId=null,action=authenticate
2021-04-22 08:17:00.524 GMT+0000 INFO  [?-?-a59bf3f1438b40bfac3e29806a1d3522-1-67dd7711d70841338aa287f786e909dc-authenticate] PXWebSocketEndpoint - Request End: duration=100 ms
2021-04-22 08:17:00.917 GMT+0000 INFO  [administration-superuser-a59bf3f1438b40bfac3e29806a1d3522-1-f0efb67204104eefb02b4cabe719e620-userService.read] PXWebSocketEndpoint - Request Start
2021-04-22 08:17:00.917 GMT+0000 INFO  [administration-superuser-a59bf3f1438b40bfac3e29806a1d3522-2-6881d15375e54cb48244238895b65ad3-projectService.read] PXWebSocketEndpoint - Request Start
2021-04-22 08:17:00.936 GMT+0000 INFO  [administration-superuser-a59bf3f1438b40bfac3e29806a1d3522-2-6881d15375e54cb48244238895b65ad3-projectService.read] PXWebSocketEndpoint - Request End: duration=22 ms
2021-04-22 08:17:00.946 GMT+0000 INFO  [administration-superuser-a59bf3f1438b40bfac3e29806a1d3522-1-f0efb67204104eefb02b4cabe719e620-userService.read] PXWebSocketEndpoint - Request End: duration=31 ms
2021-04-22 08:17:01.681 GMT+0000 INFO  [administration-superuser-a59bf3f1438b40bfac3e29806a1d3522-3-3f664d2fda6e4b0a944d74a786c8d61e-projectService.inDemoMode] PXWebSocketEndpoint - Request Start
2021-04-22 08:17:01.682 GMT+0000 INFO  [administration-superuser-a59bf3f1438b40bfac3e29806a1d3522-4-9b008db446c14670bdc0b7bc76aa8c53-logStateChangeEvent] PXWebSocketEndpoint - Request Start
2021-04-22 08:17:01.685 GMT+0000 INFO  [administration-superuser-a59bf3f1438b40bfac3e29806a1d3522-3-3f664d2fda6e4b0a944d74a786c8d61e-projectService.inDemoMode] PXWebSocketEndpoint - Request End: duration=5 ms
2021-04-22 08:17:01.691 GMT+0000 INFO  [administration-superuser-a59bf3f1438b40bfac3e29806a1d3522-4-9b008db446c14670bdc0b7bc76aa8c53-logStateChangeEvent] PipelineClient$ - Pipeline at http://pax-installation-pipeline-proxy.sutanu-supportability.svc.cluster.local:8800/?pp_numOfExecutors=2&pp_inactivityThresholdMinutes=100 is running.
2021-04-22 08:17:01.691 GMT+0000 INFO  [administration-superuser-a59bf3f1438b40bfac3e29806a1d3522-4-9b008db446c14670bdc0b7bc76aa8c53-logStateChangeEvent] SessionWebServiceImpl - state=project,projectId=91526c67de8c46a1875a4457ab290dab,openProjectOnClose=true,userId=7abbf51348544f42b7811e2152cfe19e,tenantId=a17c1afe4fff40299de88f3f7135e689,action=navigation,isPipelineRunning=true
2021-04-22 08:17:01.697 GMT+0000 INFO  [administration-superuser-a59bf3f1438b40bfac3e29806a1d3522-5-7749e8f1d5e4470b95b09131275d8aa1-guardRailsService.getTenantGuardrailValues] PXWebSocketEndpoint - Request Start
2021-04-22 08:17:01.697 GMT+0000 INFO  [administration-superuser-a59bf3f1438b40bfac3e29806a1d3522-4-9b008db446c14670bdc0b7bc76aa8c53-logStateChangeEvent] PXWebSocketEndpoint - Request End: duration=16 ms
2021-04-22 08:17:01.697 GMT+0000 INFO  [administration-superuser-a59bf3f1438b40bfac3e29806a1d3522-6-5f0f546915b447d38d606e4e7219cda5-guardRailsService.getTenantGuardrailValues] PXWebSocketEndpoint - Request Start
2021-04-22 08:17:01.700 GMT+0000 INFO  [administration-superuser-a59bf3f1438b40bfac3e29806a1d3522-5-7749e8f1d5e4470b95b09131275d8aa1-guardRailsService.getTenantGuardrailValues] PXWebSocketEndpoint - Request End: duration=5 ms
2021-04-22 08:17:01.700 GMT+0000 INFO  [administration-superuser-a59bf3f1438b40bfac3e29806a1d3522-6-5f0f546915b447d38d606e4e7219cda5-guardRailsService.getTenantGuardrailValues] PXWebSocketEndpoint - Request End: duration=5 ms
2021-04-22 08:17:01.707 GMT+0000 INFO  [administration-superuser-a59bf3f1438b40bfac3e29806a1d3522-7-608b27b2ea4443bf84f987a84e42aa40-projectService.getProjectLimits] PXWebSocketEndpoint - Request Start
2021-04-22 08:17:01.714 GMT+0000 INFO  [administration-superuser-a59bf3f1438b40bfac3e29806a1d3522-8-ddf256a8263a4dce92c1b990a6ab8fad-projectService.getTransformationFunctions] PXWebSocketEndpoint - Request Start
2021-04-22 08:17:01.717 GMT+0000 INFO  [administration-superuser-a59bf3f1438b40bfac3e29806a1d3522-9-c797d5b9603d4fd38aa219b0cedff92d-scriptManagerService.getLatestScript] PXWebSocketEndpoint - Request Start
2021-04-22 08:17:01.718 GMT+0000 INFO  [administration-superuser-a59bf3f1438b40bfac3e29806a1d3522-8-ddf256a8263a4dce92c1b990a6ab8fad-projectService.getTransformationFunctions] PXWebSocketEndpoint - Request End: duration=4 ms
2021-04-22 08:17:01.725 GMT+0000 INFO  [administration-superuser-a59bf3f1438b40bfac3e29806a1d3522-7-608b27b2ea4443bf84f987a84e42aa40-projectService.getProjectLimits] PXWebSocketEndpoint - Request End: duration=19 ms
2021-04-22 08:17:01.767 GMT+0000 INFO  [administration-superuser-a59bf3f1438b40bfac3e29806a1d3522-9-c797d5b9603d4fd38aa219b0cedff92d-scriptManagerService.getLatestScript] PXWebSocketEndpoint - Request End: duration=52 ms
2021-04-22 08:17:02.121 GMT+0000 INFO  [administration-superuser-a59bf3f1438b40bfac3e29806a1d3522-10-8f2350558101431c9deee3f0a2e6f78c-scriptManagerService.reloadScript] PXWebSocketEndpoint - Request Start
2021-04-22 08:17:02.157 GMT+0000 INFO  [administration-superuser-a59bf3f1438b40bfac3e29806a1d3522-10-8f2350558101431c9deee3f0a2e6f78c-scriptManagerService.reloadScript] PXWebSocketEndpoint - Request End: duration=37 ms
2021-04-22 08:17:03.671 GMT+0000 INFO  [?-?-ca352902c3b347b1b671fc56b2c1b632-1-14e585dd4afe4bd19f80c108a72acc61-authenticate] PXWebSocketEndpoint - Request Start
2021-04-22 08:17:03.672 GMT+0000 INFO  [?-?-ca352902c3b347b1b671fc56b2c1b632-1-14e585dd4afe4bd19f80c108a72acc61-authenticate] SessionWebServiceImpl - username=superuser,domain=null,authtype=TOKEN,authConfigId=null,tenantId=null,action=authenticate
2021-04-22 08:17:03.761 GMT+0000 INFO  [?-?-ca352902c3b347b1b671fc56b2c1b632-1-14e585dd4afe4bd19f80c108a72acc61-authenticate] PXWebSocketEndpoint - Request End: duration=92 ms
2021-04-22 08:17:04.150 GMT+0000 INFO  [administration-superuser-ca352902c3b347b1b671fc56b2c1b632-2-128113aaf3914b198672b2375c01c853-projectService.read] PXWebSocketEndpoint - Request Start
2021-04-22 08:17:04.150 GMT+0000 INFO  [administration-superuser-ca352902c3b347b1b671fc56b2c1b632-1-e22cd8d0f7ab496b82b75fd71baa56ab-userService.read] PXWebSocketEndpoint - Request Start
2021-04-22 08:17:04.163 GMT+0000 INFO  [administration-superuser-ca352902c3b347b1b671fc56b2c1b632-2-128113aaf3914b198672b2375c01c853-projectService.read] PXWebSocketEndpoint - Request End: duration=14 ms
2021-04-22 08:17:04.182 GMT+0000 INFO  [administration-superuser-ca352902c3b347b1b671fc56b2c1b632-1-e22cd8d0f7ab496b82b75fd71baa56ab-userService.read] PXWebSocketEndpoint - Request End: duration=32 ms
2021-04-22 08:17:04.927 GMT+0000 INFO  [administration-superuser-ca352902c3b347b1b671fc56b2c1b632-3-6b5da406b4bf49d2afb1f8829e5ede62-projectService.inDemoMode] PXWebSocketEndpoint - Request Start
2021-04-22 08:17:04.927 GMT+0000 INFO  [administration-superuser-ca352902c3b347b1b671fc56b2c1b632-4-e087354d7c6245f7924ad63a8f365762-logStateChangeEvent] PXWebSocketEndpoint - Request Start
2021-04-22 08:17:04.931 GMT+0000 INFO  [administration-superuser-ca352902c3b347b1b671fc56b2c1b632-3-6b5da406b4bf49d2afb1f8829e5ede62-projectService.inDemoMode] PXWebSocketEndpoint - Request End: duration=5 ms
2021-04-22 08:17:04.935 GMT+0000 INFO  [administration-superuser-ca352902c3b347b1b671fc56b2c1b632-4-e087354d7c6245f7924ad63a8f365762-logStateChangeEvent] PipelineClient$ - Pipeline at http://pax-installation-pipeline-proxy.sutanu-supportability.svc.cluster.local:8800/?pp_numOfExecutors=2&pp_inactivityThresholdMinutes=100 is running.
2021-04-22 08:17:04.935 GMT+0000 INFO  [administration-superuser-ca352902c3b347b1b671fc56b2c1b632-4-e087354d7c6245f7924ad63a8f365762-logStateChangeEvent] SessionWebServiceImpl - state=project,projectId=91526c67de8c46a1875a4457ab290dab,openProjectOnClose=true,userId=7abbf51348544f42b7811e2152cfe19e,tenantId=a17c1afe4fff40299de88f3f7135e689,action=navigation,isPipelineRunning=true
2021-04-22 08:17:04.940 GMT+0000 INFO  [administration-superuser-ca352902c3b347b1b671fc56b2c1b632-6-8c2c7b27e42b4f2792f6e08618d28003-guardRailsService.getTenantGuardrailValues] PXWebSocketEndpoint - Request Start
2021-04-22 08:17:04.940 GMT+0000 INFO  [administration-superuser-ca352902c3b347b1b671fc56b2c1b632-5-d544cac4a3584fc6b2f4dcc43071f4c9-guardRailsService.getTenantGuardrailValues] PXWebSocketEndpoint - Request Start
2021-04-22 08:17:04.941 GMT+0000 INFO  [administration-superuser-ca352902c3b347b1b671fc56b2c1b632-4-e087354d7c6245f7924ad63a8f365762-logStateChangeEvent] PXWebSocketEndpoint - Request End: duration=15 ms
2021-04-22 08:17:04.943 GMT+0000 INFO  [administration-superuser-ca352902c3b347b1b671fc56b2c1b632-5-d544cac4a3584fc6b2f4dcc43071f4c9-guardRailsService.getTenantGuardrailValues] PXWebSocketEndpoint - Request End: duration=5 ms
2021-04-22 08:17:04.943 GMT+0000 INFO  [administration-superuser-ca352902c3b347b1b671fc56b2c1b632-6-8c2c7b27e42b4f2792f6e08618d28003-guardRailsService.getTenantGuardrailValues] PXWebSocketEndpoint - Request End: duration=5 ms
2021-04-22 08:17:04.949 GMT+0000 INFO  [administration-superuser-ca352902c3b347b1b671fc56b2c1b632-7-efb97eb2311947d7a406fb54e60461cf-projectService.getProjectLimits] PXWebSocketEndpoint - Request Start
2021-04-22 08:17:04.952 GMT+0000 INFO  [administration-superuser-ca352902c3b347b1b671fc56b2c1b632-8-ffa9b1a5cdf94bec9317c5f3e260d5af-projectService.getTransformationFunctions] PXWebSocketEndpoint - Request Start
2021-04-22 08:17:04.954 GMT+0000 INFO  [administration-superuser-ca352902c3b347b1b671fc56b2c1b632-9-09be14c1471b4cfebc858b97a9cfbc6b-scriptManagerService.getLatestScript] PXWebSocketEndpoint - Request Start
2021-04-22 08:17:04.955 GMT+0000 INFO  [administration-superuser-ca352902c3b347b1b671fc56b2c1b632-8-ffa9b1a5cdf94bec9317c5f3e260d5af-projectService.getTransformationFunctions] PXWebSocketEndpoint - Request End: duration=3 ms
2021-04-22 08:17:04.957 GMT+0000 INFO  [administration-superuser-ca352902c3b347b1b671fc56b2c1b632-7-efb97eb2311947d7a406fb54e60461cf-projectService.getProjectLimits] PXWebSocketEndpoint - Request End: duration=8 ms
2021-04-22 08:17:04.977 GMT+0000 INFO  [administration-superuser-ca352902c3b347b1b671fc56b2c1b632-9-09be14c1471b4cfebc858b97a9cfbc6b-scriptManagerService.getLatestScript] PXWebSocketEndpoint - Request End: duration=24 ms
2021-04-22 08:17:05.332 GMT+0000 INFO  [administration-superuser-ca352902c3b347b1b671fc56b2c1b632-10-aa2230b41fbd48c7a3c21e6cdc77298b-scriptManagerService.reloadScript] PXWebSocketEndpoint - Request Start
2021-04-22 08:17:05.366 GMT+0000 INFO  [administration-superuser-ca352902c3b347b1b671fc56b2c1b632-10-aa2230b41fbd48c7a3c21e6cdc77298b-scriptManagerService.reloadScript] PXWebSocketEndpoint - Request End: duration=35 ms
2021-04-22 08:17:05.731 GMT+0000 INFO  [administration-superuser-ca352902c3b347b1b671fc56b2c1b632-11-9076016f94dc4b41883b6bdbf3ddefca-logStateChangeEvent] PXWebSocketEndpoint - Request Start
2021-04-22 08:17:05.737 GMT+0000 INFO  [administration-superuser-ca352902c3b347b1b671fc56b2c1b632-11-9076016f94dc4b41883b6bdbf3ddefca-logStateChangeEvent] PipelineClient$ - Pipeline at http://pax-installation-pipeline-proxy.sutanu-supportability.svc.cluster.local:8800/?pp_numOfExecutors=2&pp_inactivityThresholdMinutes=100 is running.
2021-04-22 08:17:05.737 GMT+0000 INFO  [administration-superuser-ca352902c3b347b1b671fc56b2c1b632-11-9076016f94dc4b41883b6bdbf3ddefca-logStateChangeEvent] SessionWebServiceImpl - state=project.dataset.steps,projectId=91526c67de8c46a1875a4457ab290dab,openProjectOnClose=true,datasetId=91526c67de8c46a1875a4457ab290dab,userId=7abbf51348544f42b7811e2152cfe19e,tenantId=a17c1afe4fff40299de88f3f7135e689,action=navigation,isPipelineRunning=true
2021-04-22 08:17:05.739 GMT+0000 INFO  [administration-superuser-ca352902c3b347b1b671fc56b2c1b632-11-9076016f94dc4b41883b6bdbf3ddefca-logStateChangeEvent] PXWebSocketEndpoint - Request End: duration=9 ms
2021-04-22 08:17:05.746 GMT+0000 INFO  [administration-superuser-ca352902c3b347b1b671fc56b2c1b632-13-f4e258a1348c40c89e3d0bb6da927168-projectService.triggerPipelineStateMonitoring] PXWebSocketEndpoint - Request Start
2021-04-22 08:17:05.746 GMT+0000 INFO  [administration-superuser-ca352902c3b347b1b671fc56b2c1b632-12-e158ceb6199145348370d47c21a9882f-projectService.isPipelineRunning] PXWebSocketEndpoint - Request Start
2021-04-22 08:17:05.752 GMT+0000 INFO  [administration-superuser-ca352902c3b347b1b671fc56b2c1b632-12-e158ceb6199145348370d47c21a9882f-projectService.isPipelineRunning] PipelineClient$ - Pipeline at http://pax-installation-pipeline-proxy.sutanu-supportability.svc.cluster.local:8800/?pp_numOfExecutors=2&pp_inactivityThresholdMinutes=100 is running.
2021-04-22 08:17:05.754 GMT+0000 INFO  [administration-superuser-ca352902c3b347b1b671fc56b2c1b632-12-e158ceb6199145348370d47c21a9882f-projectService.isPipelineRunning] PXWebSocketEndpoint - Request End: duration=9 ms
2021-04-22 08:17:05.756 GMT+0000 INFO  [administration-superuser-ca352902c3b347b1b671fc56b2c1b632-13-f4e258a1348c40c89e3d0bb6da927168-projectService.triggerPipelineStateMonitoring] StatusClient$ - Opening status stream on http://pax-installation-pipeline-proxy.sutanu-supportability.svc.cluster.local:8800/status?pp_numOfExecutors=2&pp_inactivityThresholdMinutes=100
2021-04-22 08:17:05.797 GMT+0000 INFO  [administration-superuser-ca352902c3b347b1b671fc56b2c1b632-13-f4e258a1348c40c89e3d0bb6da927168-projectService.triggerPipelineStateMonitoring] PXWebSocketEndpoint - Request End: duration=52 ms
2021-04-22 08:17:05.827 GMT+0000 INFO  [administration-superuser-ca352902c3b347b1b671fc56b2c1b632--1-c8c671cdf4a74fbc82c141590a56026a-com.paxata.frontend.webDelegate.project.PipelineStateConsumer.state] PipelineStateConsumer - Sending pipeline state information message - sessionId : ca352902c3b347b1b671fc56b2c1b632 , pipelineUrl : http://pax-installation-pipeline-proxy.sutanu-supportability.svc.cluster.local:8800/?pp_numOfExecutors=2&pp_inactivityThresholdMinutes=100 , state : RunningPipeline()
2021-04-22 08:17:05.963 GMT+0000 INFO  [administration-superuser-ca352902c3b347b1b671fc56b2c1b632-15-32ac03dfd7ea492386889339c0841b60-scriptManagerService.getProjectDatasetDetails] PXWebSocketEndpoint - Request Start
2021-04-22 08:17:05.964 GMT+0000 INFO  [administration-superuser-ca352902c3b347b1b671fc56b2c1b632-14-361e76e2cd004e8b98846a2af0f41d26-dataManagerService.getData] PXWebSocketEndpoint - Request Start
2021-04-22 08:17:06.004 GMT+0000 INFO  [administration-superuser-ca352902c3b347b1b671fc56b2c1b632-15-32ac03dfd7ea492386889339c0841b60-scriptManagerService.getProjectDatasetDetails] PXWebSocketEndpoint - Request End: duration=42 ms
2021-04-22 08:17:06.030 GMT+0000 INFO  [administration-superuser-ca352902c3b347b1b671fc56b2c1b632-14-361e76e2cd004e8b98846a2af0f41d26-dataManagerService.getData] ExecutableScript - Pipeline script request: userId=7abbf51348544f42b7811e2152cfe19e, projectId=91526c67de8c46a1875a4457ab290dab, version=1, vcId=be96d55e4836445bb6f8fcd9f67b77be, lens=Some(null)
2021-04-22 08:17:06.049 GMT+0000 INFO  [administration-superuser-ca352902c3b347b1b671fc56b2c1b632-14-361e76e2cd004e8b98846a2af0f41d26-dataManagerService.getData] PipelineBuilder$ - Pipeline Request Url : http://pax-installation-pipeline-proxy.sutanu-supportability.svc.cluster.local:8800/?pp_numOfExecutors=2&pp_inactivityThresholdMinutes=100&trace=&requestType=LIVE&projectId=91526c67de8c46a1875a4457ab290dab&requestDescription=dataManagerService.getData&sessionId=ca352902c3b347b1b671fc56b2c1b632&messageId=14-361e76e2cd004e8b98846a2af0f41d26&requestId=361e76e2cd004e8b98846a2af0f41d26&userId=7abbf51348544f42b7811e2152cfe19e&tenantId=a17c1afe4fff40299de88f3f7135e689&userName=superuser&tenantName=administration
2021-04-22 08:17:06.049 GMT+0000 INFO  [administration-superuser-ca352902c3b347b1b671fc56b2c1b632-14-361e76e2cd004e8b98846a2af0f41d26-dataManagerService.getData] PipelineBuilder$ - Starting view...
2021-04-22 08:17:06.051 GMT+0000 INFO  [administration-superuser-ca352902c3b347b1b671fc56b2c1b632-14-361e76e2cd004e8b98846a2af0f41d26-dataManagerService.getData] PipelineBuilder$ - authtoken = "3SvuOiN/Zwy74Y8i8sx/0N85pPSh6hUrmhvZOx8XB40=" live  language = English
# target
pipeline ds_91526c67de8c46a1875a4457ab290dab = {
driving table ds_91526c67de8c46a1875a4457ab290dab_0 with columns ["# Generated by gradle on 2021-02-22T06:25:50.392Z by /home/teamcity/teamcity/work/5d8bf7923872a969/pipeline-proxy/build.gradle" -> "# Generated by gradle on 2021-02-22T06:25:50.392Z by /home/teamcity/teamcity/work/5d8bf7923872a969/pipeline-proxy/build.gradle"]

}

# target_0
pipeline ds_91526c67de8c46a1875a4457ab290dab_0 = {
import {
  "data" : {
    "connectionOptions" : { },
    "path" : "file:///usr/local/paxata/server/tmp/lib-tmp/library/a17c1afe4fff40299de88f3f7135e689/7abbf51348544f42b7811e2152cfe19e/ca62d53e5206470484b45bf10896173a/c63847e7d3094e86b377c2485920c7fd/data",
    "fileType" : "PaxataParquet",
    "importOptions" : { },
    "fileNames" : [ {
      "pattern" : "part-000000.parquet",
      "range" : ""
    } ]
  },
  "version" : 1,
  "id" : "ca62d53e5206470484b45bf10896173a",
  "metadata" : "http://pax-installation-paxserver-internal.sutanu-supportability:9080/library/getMetadata?id=ca62d53e5206470484b45bf10896173a&version=1&uniqueId=8c2b7af3a02d4d5894cb66ea9f3a97f8&mdVer=1&dataVer=35",
  "rowLimit" : 35
} with columns ["# Generated by gradle on 2021-02-22T06:25:50.392Z by /home/teamcity/teamcity/work/5d8bf7923872a969/pipeline-proxy/build.gradle"]


}

view ["$$_Sources","# Generated by gradle on 2021-02-22T06:25:50.392Z by /home/teamcity/teamcity/work/5d8bf7923872a969/pipeline-proxy/build.gradle"] from ds_91526c67de8c46a1875a4457ab290dab rows 0 to 378

2021-04-22 08:17:06.120 GMT+0000 INFO  [administration-superuser-ca352902c3b347b1b671fc56b2c1b632-14-361e76e2cd004e8b98846a2af0f41d26-dataManagerService.getData] PipelineBuilder$ - Perf: view : took 68ms
2021-04-22 08:17:06.123 GMT+0000 ERROR [administration-superuser-ca352902c3b347b1b671fc56b2c1b632-14-361e76e2cd004e8b98846a2af0f41d26-dataManagerService.getData] PipelineClient$ - Pipeline returned error: Stream(class org.apache.spark.sql.AnalysisException: Path does not exist: file:/usr/local/paxata/server/tmp/lib-tmp/library/a17c1afe4fff40299de88f3f7135e689/7abbf51348544f42b7811e2152cfe19e/ca62d53e5206470484b45bf10896173a/c63847e7d3094e86b377c2485920c7fd/data/part-000000.parquet;, ?)
2021-04-22 08:17:06.124 GMT+0000 ERROR [administration-superuser-ca352902c3b347b1b671fc56b2c1b632-14-361e76e2cd004e8b98846a2af0f41d26-dataManagerService.getData] PipelineClient$ - Request to pipeline http://pax-installation-pipeline-proxy.sutanu-supportability.svc.cluster.local:8800/?pp_numOfExecutors=2&pp_inactivityThresholdMinutes=100 failed
com.paxata.pipeline.PipelineInternalException: class org.apache.spark.sql.AnalysisException: Path does not exist: file:/usr/local/paxata/server/tmp/lib-tmp/library/a17c1afe4fff40299de88f3f7135e689/7abbf51348544f42b7811e2152cfe19e/ca62d53e5206470484b45bf10896173a/c63847e7d3094e86b377c2485920c7fd/data/part-000000.parquet;
	at com.paxata.pipeline.PipelineClient$.pipelineError(PipelineClient.scala:414)
	at com.paxata.pipeline.PipelineClientImpl$$anonfun$executeCall$1.apply(PipelineClient.scala:152)
	at com.paxata.pipeline.PipelineClientImpl$$anonfun$executeCall$1.apply(PipelineClient.scala:139)
	at com.paxata.util.metric.PXMetrics$.time(PXMetrics.scala:19)
	at com.paxata.pipeline.PipelineClientImpl.time(PipelineClient.scala:131)
	at com.paxata.pipeline.PipelineClientImpl.executeCall(PipelineClient.scala:139)
	at com.paxata.pipeline.TargetExecutableScript.executeCall(ExecutableScript.scala:338)
	at com.paxata.pipeline.TargetExecutableScript$$anonfun$view$1.apply(ExecutableScript.scala:353)
	at com.paxata.pipeline.TargetExecutableScript$$anonfun$view$1.apply(ExecutableScript.scala:353)
	at com.paxata.iface.service.script.EasilyExecutable.execute(EasilyExecutable.scala:5)
	at com.paxata.frontend.user.DataManagerAPI$$anonfun$getData$1$$anonfun$5.apply(DataManagerAPI.scala:196)
	at com.paxata.frontend.user.DataManagerAPI$$anonfun$getData$1$$anonfun$5.apply(DataManagerAPI.scala:196)
	at com.paxata.util.metric.PXMetrics$.time(PXMetrics.scala:19)
	at com.paxata.frontend.user.DataManagerAPI.time(DataManagerAPI.scala:160)
	at com.paxata.frontend.user.DataManagerAPI$$anonfun$getData$1.apply(DataManagerAPI.scala:195)
	at com.paxata.frontend.user.DataManagerAPI$$anonfun$getData$1.apply(DataManagerAPI.scala:168)
	at com.paxata.util.metric.PXMetrics$.time(PXMetrics.scala:19)
	at com.paxata.frontend.user.DataManagerAPI.time(DataManagerAPI.scala:160)
	at com.paxata.frontend.user.DataManagerAPI.getData(DataManagerAPI.scala:168)
	at com.paxata.frontend.server.DataManagerDelegate.getData(DataManagerDelegate.java:52)
	at sun.reflect.GeneratedMethodAccessor1233.invoke(Unknown Source)
	at java.lang.reflect.Method.invoke(Method.java:498)
	at com.paxata.frontend.util.PXWebSocketProtocolHandler$PXMethodHandler.call(PXWebSocketProtocolHandler.java:144)
	at com.paxata.frontend.util.PXWebSocketEndpoint.performMethodCall(PXWebSocketEndpoint.java:324)
	at com.paxata.frontend.util.PXWebSocketEndpoint.processMessage(PXWebSocketEndpoint.java:216)
	at com.paxata.frontend.util.PXWebSocketEndpoint.access$000(PXWebSocketEndpoint.java:49)
	at com.paxata.frontend.util.PXWebSocketEndpoint$1.run(PXWebSocketEndpoint.java:139)
	at java.util.concurrent.ThreadPoolExecutor.runWorker(ThreadPoolExecutor.java:1149)
	at java.util.concurrent.ThreadPoolExecutor$Worker.run(ThreadPoolExecutor.java:624)
	at java.lang.Thread.run(Thread.java:748)
2021-04-22 08:17:06.133 GMT+0000 INFO  [administration-superuser-ca352902c3b347b1b671fc56b2c1b632-14-361e76e2cd004e8b98846a2af0f41d26-dataManagerService.getData] PXWebSocketEndpoint - Request End: duration=171 ms
2021-04-22 08:17:06.135 GMT+0000 INFO  [administration-superuser-ca352902c3b347b1b671fc56b2c1b632-16-afdf792532514990a655757422c1bf4a-guardRailsService.getTenantGuardrailValues] PXWebSocketEndpoint - Request Start
2021-04-22 08:17:06.142 GMT+0000 INFO  [administration-superuser-ca352902c3b347b1b671fc56b2c1b632-16-afdf792532514990a655757422c1bf4a-guardRailsService.getTenantGuardrailValues] PXWebSocketEndpoint - Request End: duration=8 ms
2021-04-22 08:30:00.002 GMT+0000 INFO  [DefaultQuartzScheduler_Worker-7] DeleteInvalidTokens - Executing deleteInvalidWebTokens
2021-04-22 08:30:00.007 GMT+0000 INFO  [DefaultQuartzScheduler_Worker-7] DeleteInvalidTokens - Executing deleteExpiredAuthorizationTokens
