++ id -u
+ myuid=0
++ id -g
+ mygid=0
+ set +e
++ getent passwd 0
+ uidentry=root:x:0:0:root:/root:/bin/ash
+ set -e
+ '[' -z root:x:0:0:root:/root:/bin/ash ']'
+ SPARK_K8S_CMD=driver
+ case "$SPARK_K8S_CMD" in
+ shift 1
+ SPARK_CLASSPATH=':/opt/spark/jars/*'
+ env
+ grep SPARK_JAVA_OPT_
+ sort -t_ -k4 -n
+ sed 's/[^=]*=\(.*\)/\1/g'
+ readarray -t SPARK_EXECUTOR_JAVA_OPTS
+ '[' -n '' ']'
+ '[' -n '' ']'
+ PYSPARK_ARGS=
+ '[' -n '' ']'
+ R_ARGS=
+ '[' -n '' ']'
+ '[' '' == 2 ']'
+ '[' '' == 3 ']'
+ case "$SPARK_K8S_CMD" in
+ CMD=("$SPARK_HOME/bin/spark-submit" --conf "spark.driver.bindAddress=$SPARK_DRIVER_BIND_ADDRESS" --deploy-mode client "$@")
+ exec /sbin/tini -s -- /opt/spark/bin/spark-submit --conf spark.driver.bindAddress=10.239.204.111 --deploy-mode client --properties-file /opt/spark/conf/spark.properties --class com.paxata.spark.Main spark-internal
21/04/22 08:01:43 WARN NativeCodeLoader: Unable to load native-hadoop library for your platform... using builtin-java classes where applicable
log4j:WARN No appenders could be found for logger (io.netty.util.internal.logging.InternalLoggerFactory).
log4j:WARN Please initialize the log4j system properly.
log4j:WARN See http://logging.apache.org/log4j/1.2/faq.html#noconfig for more info.
Using Spark's default log4j profile: org/apache/spark/log4j-defaults.properties
21/04/22 08:01:44 INFO CacheMessageServer: Created NettyProtoServer: kind=oio, port=45687
21/04/22 08:01:44 INFO CacheManagerMasterImpl: Bound socket to port 45687
21/04/22 08:01:44 INFO EphemeralCacheConstants: CacheConstants: rootDir: /mnt/paxata/2bd82cef-c6e8-43da-b79b-f792c464283e, totalCacheCapacity: 1000000 (MBs)
21/04/22 08:01:44 INFO SingletonRegistry: RootDirAll set to = /mnt/paxata/2bd82cef-c6e8-43da-b79b-f792c464283e
21/04/22 08:01:44 WARN TierProperties: No tier definition found
21/04/22 08:01:44 WARN SparkConf: The configuration key 'spark.kryoserializer.buffer.max.mb' has been deprecated as of Spark 1.4 and may be removed in the future. Please use the new key 'spark.kryoserializer.buffer.max' instead.
21/04/22 08:01:44 WARN SparkConf: The configuration key 'spark.kryoserializer.buffer.max.mb' has been deprecated as of Spark 1.4 and may be removed in the future. Please use the new key 'spark.kryoserializer.buffer.max' instead.
21/04/22 08:01:44 INFO SparkContext: Running Spark version 2.4.4
21/04/22 08:01:44 INFO SparkContext: Submitted application: paxi
21/04/22 08:01:44 INFO SecurityManager: Changing view acls to: root
21/04/22 08:01:44 INFO SecurityManager: Changing modify acls to: root
21/04/22 08:01:44 INFO SecurityManager: Changing view acls groups to: 
21/04/22 08:01:44 INFO SecurityManager: Changing modify acls groups to: 
21/04/22 08:01:44 INFO SecurityManager: SecurityManager: authentication disabled; ui acls disabled; users  with view permissions: Set(root); groups with view permissions: Set(); users  with modify permissions: Set(root); groups with modify permissions: Set()
21/04/22 08:01:44 INFO Utils: Successfully started service 'sparkDriver' on port 7078.
21/04/22 08:01:44 INFO SparkEnv: Registering MapOutputTracker
21/04/22 08:01:44 INFO SparkEnv: Registering BlockManagerMaster
21/04/22 08:01:44 INFO BlockManagerMasterEndpoint: Using org.apache.spark.storage.DefaultTopologyMapper for getting topology information
21/04/22 08:01:44 INFO BlockManagerMasterEndpoint: BlockManagerMasterEndpoint up
21/04/22 08:01:44 INFO DiskBlockManager: Created local directory at /mnt/paxata/blockmgr-dbc96a84-002b-4316-9b3e-242a18e8b0b7
21/04/22 08:01:45 INFO MemoryStore: MemoryStore started with capacity 4.6 GB
21/04/22 08:01:45 INFO SparkEnv: Registering OutputCommitCoordinator
21/04/22 08:01:45 INFO Utils: Successfully started service 'SparkUI' on port 4040.
21/04/22 08:01:45 INFO SparkUI: Bound SparkUI to 0.0.0.0, and started at http://spark-1619078499672-driver-svc.sutanu-supportability.svc:4040
21/04/22 08:01:45 INFO SparkContext: Added JAR http://10.239.185.115:8810/pipeline.jar at http://10.239.185.115:8810/pipeline.jar with timestamp 1619078505243
21/04/22 08:01:45 INFO SparkContext: Added file http://10.239.185.115:8810/clustering-algorithms.properties at http://10.239.185.115:8810/clustering-algorithms.properties with timestamp 1619078505244
21/04/22 08:01:45 INFO Utils: Fetching http://10.239.185.115:8810/clustering-algorithms.properties to /mnt/paxata/spark-162bc487-0046-477b-ac60-b4f8574b530e/userFiles-1a1813c3-b41f-4681-8c50-4121c1004e71/fetchFileTemp3991387496763855110.tmp
21/04/22 08:01:45 INFO SparkContext: Added file http://10.239.185.115:8810/default-messages.properties at http://10.239.185.115:8810/default-messages.properties with timestamp 1619078505252
21/04/22 08:01:45 INFO Utils: Fetching http://10.239.185.115:8810/default-messages.properties to /mnt/paxata/spark-162bc487-0046-477b-ac60-b4f8574b530e/userFiles-1a1813c3-b41f-4681-8c50-4121c1004e71/fetchFileTemp260550289891867872.tmp
21/04/22 08:01:45 INFO SparkContext: Added file http://10.239.185.115:8810/http.properties at http://10.239.185.115:8810/http.properties with timestamp 1619078505256
21/04/22 08:01:45 INFO Utils: Fetching http://10.239.185.115:8810/http.properties to /mnt/paxata/spark-162bc487-0046-477b-ac60-b4f8574b530e/userFiles-1a1813c3-b41f-4681-8c50-4121c1004e71/fetchFileTemp7057969117160684559.tmp
21/04/22 08:01:45 INFO SparkContext: Added file http://10.239.185.115:8810/log4j.properties at http://10.239.185.115:8810/log4j.properties with timestamp 1619078505259
21/04/22 08:01:45 INFO Utils: Fetching http://10.239.185.115:8810/log4j.properties to /mnt/paxata/spark-162bc487-0046-477b-ac60-b4f8574b530e/userFiles-1a1813c3-b41f-4681-8c50-4121c1004e71/fetchFileTemp217184136438588687.tmp
21/04/22 08:01:45 INFO SparkContext: Added file http://10.239.185.115:8810/log4j_k8s.properties at http://10.239.185.115:8810/log4j_k8s.properties with timestamp 1619078505262
21/04/22 08:01:45 INFO Utils: Fetching http://10.239.185.115:8810/log4j_k8s.properties to /mnt/paxata/spark-162bc487-0046-477b-ac60-b4f8574b530e/userFiles-1a1813c3-b41f-4681-8c50-4121c1004e71/fetchFileTemp4271429453980792605.tmp
21/04/22 08:01:45 INFO SparkContext: Added file http://10.239.185.115:8810/paxata.properties at http://10.239.185.115:8810/paxata.properties with timestamp 1619078505266
21/04/22 08:01:45 INFO Utils: Fetching http://10.239.185.115:8810/paxata.properties to /mnt/paxata/spark-162bc487-0046-477b-ac60-b4f8574b530e/userFiles-1a1813c3-b41f-4681-8c50-4121c1004e71/fetchFileTemp8640545457080346660.tmp
21/04/22 08:01:45 INFO SparkContext: Added file http://10.239.185.115:8810/spark.properties at http://10.239.185.115:8810/spark.properties with timestamp 1619078505269
21/04/22 08:01:45 INFO Utils: Fetching http://10.239.185.115:8810/spark.properties to /mnt/paxata/spark-162bc487-0046-477b-ac60-b4f8574b530e/userFiles-1a1813c3-b41f-4681-8c50-4121c1004e71/fetchFileTemp3128814457043746173.tmp
21/04/22 08:01:45 INFO SparkContext: Added file http://10.239.185.115:8810/tiers.properties at http://10.239.185.115:8810/tiers.properties with timestamp 1619078505272
21/04/22 08:01:45 INFO Utils: Fetching http://10.239.185.115:8810/tiers.properties to /mnt/paxata/spark-162bc487-0046-477b-ac60-b4f8574b530e/userFiles-1a1813c3-b41f-4681-8c50-4121c1004e71/fetchFileTemp768251884675392801.tmp
21/04/22 08:01:46 INFO FairSchedulableBuilder: Creating Fair Scheduler pools from /tmp/1619078504695-0/pool-config.xml
21/04/22 08:01:46 INFO FairSchedulableBuilder: Created pool: CATCHALL_DEFAULT_BATCH, schedulingMode: FIFO, minShare: 0, weight: 1
21/04/22 08:01:46 INFO FairSchedulableBuilder: Created pool: CATCHALL_DEFAULT_LIVE, schedulingMode: FAIR, minShare: 0, weight: 1
21/04/22 08:01:46 INFO FairSchedulableBuilder: Created default pool: default, schedulingMode: FIFO, minShare: 0, weight: 1
21/04/22 08:01:46 INFO ExecutorPodsAllocator: Going to request 2 executors from Kubernetes.
21/04/22 08:01:46 INFO Utils: Successfully started service 'org.apache.spark.network.netty.NettyBlockTransferService' on port 7079.
21/04/22 08:01:46 INFO NettyBlockTransferService: Server created on spark-1619078499672-driver-svc.sutanu-supportability.svc:7079
21/04/22 08:01:46 INFO BlockManager: Using org.apache.spark.storage.RandomBlockReplicationPolicy for block replication policy
21/04/22 08:01:46 INFO BlockManagerMaster: Registering BlockManager BlockManagerId(driver, spark-1619078499672-driver-svc.sutanu-supportability.svc, 7079, None)
21/04/22 08:01:46 INFO BlockManagerMasterEndpoint: Registering block manager spark-1619078499672-driver-svc.sutanu-supportability.svc:7079 with 4.6 GB RAM, BlockManagerId(driver, spark-1619078499672-driver-svc.sutanu-supportability.svc, 7079, None)
21/04/22 08:01:46 INFO BlockManagerMaster: Registered BlockManager BlockManagerId(driver, spark-1619078499672-driver-svc.sutanu-supportability.svc, 7079, None)
21/04/22 08:01:46 INFO BlockManager: Initialized BlockManager: BlockManagerId(driver, spark-1619078499672-driver-svc.sutanu-supportability.svc, 7079, None)
21/04/22 08:01:49 INFO KubernetesClusterSchedulerBackend$KubernetesDriverEndpoint: Registered executor NettyRpcEndpointRef(spark-client://Executor) (10.239.212.107:56918) with ID 1
21/04/22 08:01:49 INFO KubernetesClusterSchedulerBackend$KubernetesDriverEndpoint: Registered executor NettyRpcEndpointRef(spark-client://Executor) (10.239.255.207:51180) with ID 2
21/04/22 08:01:49 INFO KubernetesClusterSchedulerBackend: SchedulerBackend is ready for scheduling beginning after reached minRegisteredResourcesRatio: 0.8
21/04/22 08:01:50 INFO BlockManagerMasterEndpoint: Registering block manager 10.239.212.107:46771 with 9.0 GB RAM, BlockManagerId(1, 10.239.212.107, 46771, None)
2021-04-22 08:01:50.053 GMT+0000 INFO  [main] LoggingProperties - Enabled dynamic logging configuration [log4j_k8s.properties]
2021-04-22 08:01:50.060 GMT+0000 INFO  [dispatcher-event-loop-0] BlockManagerMasterEndpoint - Registering block manager 10.239.255.207:35913 with 9.0 GB RAM, BlockManagerId(2, 10.239.255.207, 35913, None)
2021-04-22 08:01:50.370 GMT+0000 WARN  [main] Main - Can't find hadoop property file: /etc/pax-secrets/core-site.xml
2021-04-22 08:01:50.373 GMT+0000 INFO  [main] Main - Pipeline version 2020.2.pr.2020.2_dataprep-1873_http-client-stuck
2021-04-22 08:01:50.389 GMT+0000 INFO  [ForkJoinPool-1-worker-3] PaxataProperties - PaxataProperties - java property 'px.total.cache.capacity' already set, will not override with value from paxata.properties file
2021-04-22 08:01:50.411 GMT+0000 INFO  [ForkJoinPool-1-worker-3] PaxBootstrap - ulimit for process is 1048576
2021-04-22 08:01:50.439 GMT+0000 INFO  [ForkJoinPool-1-worker-3] CacheDataServer - Created NettyProtoServer: kind=oio, port=41449
2021-04-22 08:01:50.440 GMT+0000 INFO  [ForkJoinPool-1-worker-3] CacheManagerOnNodeImpl - Bound socket to port 41449, executorId=driver
2021-04-22 08:01:50.462 GMT+0000 INFO  [ForkJoinPool-1-worker-3] log - Logging initialized @8047ms
2021-04-22 08:01:50.515 GMT+0000 INFO  [ForkJoinPool-1-worker-3] Server - jetty-9.2.z-SNAPSHOT
2021-04-22 08:01:50.536 GMT+0000 INFO  [ForkJoinPool-1-worker-3] ServerConnector - Started ServerConnector@7af11108{HTTP/1.1}{0.0.0.0:63390}
2021-04-22 08:01:50.536 GMT+0000 INFO  [ForkJoinPool-1-worker-3] Server - Started @8122ms
2021-04-22 08:01:50.537 GMT+0000 INFO  [ForkJoinPool-1-worker-3] CacheFileServerImpl - CacheFileServer: started cache file server on port 63390
2021-04-22 08:01:50.537 GMT+0000 INFO  [ForkJoinPool-1-worker-3] Utils - Successfully started service on port 63390.
2021-04-22 08:01:50.815 GMT+0000 INFO  [ForkJoinPool-1-worker-3] NettySharedConnection - created RemoteClient channel on remote host, ch=[id: 0xf99823d2, L:/10.239.204.111:47966 - R:/10.239.204.111:45687]
2021-04-22 08:01:50.835 GMT+0000 WARN  [netty-worker-CacheMessageServer-oio] CacheManagerMasterImpl - Executor driver not found
2021-04-22 08:01:50.838 GMT+0000 INFO  [netty-worker-CacheMessageServer-oio] CacheManagerMasterImpl - RemoteClient created, executor=driver, host=10.239.204.111, port=41449
2021-04-22 08:01:50.961 GMT+0000 INFO  [netty-worker-CacheMessageServer-oio] NettySharedConnection - created RemoteClient channel on remote host, ch=[id: 0xe8d922c5, L:/10.239.204.111:55076 - R:/10.239.204.111:41449]
2021-04-22 08:01:50.996 GMT+0000 INFO  [ForkJoinPool-1-worker-3] RefCountLRU - RefCountLRU constructed with capacity: 1048576000000
2021-04-22 08:01:51.014 GMT+0000 INFO  [ForkJoinPool-1-worker-3] CacheFileServerImpl - CacheFileServer: cache file server on port 63390 now serving /mnt/paxata/2bd82cef-c6e8-43da-b79b-f792c464283e/cache-driver
2021-04-22 08:01:51.020 GMT+0000 INFO  [ForkJoinPool-1-worker-3] CacheManagerOnNodeImpl - created IndexCache for nodeId=executorId: "driver"
hostname: "10.239.204.111"
port: 41449
fileServPort: 63390
, cacheDir=/mnt/paxata/2bd82cef-c6e8-43da-b79b-f792c464283e/cache-driver
2021-04-22 08:01:51.068 GMT+0000 INFO  [main] Server - jetty-9.2.z-SNAPSHOT
2021-04-22 08:01:51.079 GMT+0000 INFO  [main] ContextHandler - Started c.p.s.o.e.j.s.ServletContextHandler@3458eca5{/diagnostic,null,AVAILABLE}
2021-04-22 08:01:51.081 GMT+0000 INFO  [main] ContextHandler - Started c.p.s.o.e.j.s.ServletContextHandler@7f973a14{/status,null,AVAILABLE}
2021-04-22 08:01:51.081 GMT+0000 INFO  [main] ContextHandler - Started c.p.s.o.e.j.s.ServletContextHandler@72503b19{/,null,AVAILABLE}
2021-04-22 08:01:51.081 GMT+0000 INFO  [main] ServerConnector - Started ServerConnector@1cfc2538{HTTP/1.1}{0.0.0.0:8090}
2021-04-22 08:01:51.082 GMT+0000 INFO  [main] Server - Started @8667ms
2021-04-22 08:01:51.197 GMT+0000 INFO  [???-???-???-???-???-???] ScriptServlet - 
2021-04-22 08:01:51.220 GMT+0000 INFO  [qtp1619730386-104] StatusServlet - getOrCreate context servlet_reporting_context
2021-04-22 08:01:51.225 GMT+0000 INFO  [Thread-50] AsyncContextEventDispatcher$QueueWorker - Starting worker contextId=servlet_reporting_context, contextTimeout=9223372036854775807
2021-04-22 08:02:00.416 GMT+0000 INFO  [spark-listener-akka.actor.default-dispatcher-2] ExecutorActor - Adding executor 2
2021-04-22 08:02:01.418 GMT+0000 INFO  [spark-listener-akka.actor.default-dispatcher-2] ExecutorActor - Bootstrapping executors: Set(2)
2021-04-22 08:02:01.505 GMT+0000 INFO  [spark-listener-akka.actor.default-dispatcher-2] SparkContext - Starting job: apply at PXMetricAware.scala:42
2021-04-22 08:02:01.522 GMT+0000 INFO  [dag-scheduler-event-loop] DAGScheduler - Got job 0 (apply at PXMetricAware.scala:42) with 1 output partitions
2021-04-22 08:02:01.523 GMT+0000 INFO  [dag-scheduler-event-loop] DAGScheduler - Final stage: ResultStage 0 (apply at PXMetricAware.scala:42)
2021-04-22 08:02:01.523 GMT+0000 INFO  [dag-scheduler-event-loop] DAGScheduler - Parents of final stage: List()
2021-04-22 08:02:01.524 GMT+0000 INFO  [dag-scheduler-event-loop] DAGScheduler - Missing parents: List()
2021-04-22 08:02:01.529 GMT+0000 INFO  [dag-scheduler-event-loop] DAGScheduler - Submitting ResultStage 0 (MapPartitionsRDD[1] at apply at PXMetricAware.scala:42), which has no missing parents
2021-04-22 08:02:01.654 GMT+0000 INFO  [dag-scheduler-event-loop] MemoryStore - Block broadcast_0 stored as values in memory (estimated size 3.5 KB, free 4.6 GB)
2021-04-22 08:02:02.061 GMT+0000 INFO  [dag-scheduler-event-loop] MemoryStore - Block broadcast_0_piece0 stored as bytes in memory (estimated size 2.3 KB, free 4.6 GB)
2021-04-22 08:02:02.063 GMT+0000 INFO  [dispatcher-event-loop-0] BlockManagerInfo - Added broadcast_0_piece0 in memory on spark-1619078499672-driver-svc.sutanu-supportability.svc:7079 (size: 2.3 KB, free: 4.6 GB)
2021-04-22 08:02:02.065 GMT+0000 INFO  [dag-scheduler-event-loop] SparkContext - Created broadcast 0 from broadcast at DAGScheduler.scala:1161
2021-04-22 08:02:02.080 GMT+0000 INFO  [dag-scheduler-event-loop] DAGScheduler - Submitting 1 missing tasks from ResultStage 0 (MapPartitionsRDD[1] at apply at PXMetricAware.scala:42) (first 15 tasks are for partitions Vector(0))
2021-04-22 08:02:02.080 GMT+0000 INFO  [dag-scheduler-event-loop] TaskSchedulerImpl - Adding task set 0.0 with 1 tasks
2021-04-22 08:02:02.096 GMT+0000 INFO  [dag-scheduler-event-loop] FairSchedulableBuilder - Added task set TaskSet_0.0 tasks to pool default
2021-04-22 08:02:02.121 GMT+0000 INFO  [dispatcher-event-loop-1] TaskSetManager - Starting task 0.0 in stage 0.0 (TID 0, 10.239.212.107, executor 1, partition 0, PROCESS_LOCAL, 7741 bytes)
2021-04-22 08:02:03.145 GMT+0000 INFO  [dispatcher-event-loop-1] BlockManagerInfo - Added broadcast_0_piece0 in memory on 10.239.212.107:46771 (size: 2.3 KB, free: 9.0 GB)
2021-04-22 08:02:03.726 GMT+0000 WARN  [netty-worker-CacheMessageServer-oio] CacheManagerMasterImpl - Executor 1 not found
2021-04-22 08:02:03.730 GMT+0000 INFO  [netty-worker-CacheMessageServer-oio] CacheManagerMasterImpl - RemoteClient created, executor=1, host=10.239.212.107, port=34293
2021-04-22 08:02:03.732 GMT+0000 INFO  [netty-worker-CacheMessageServer-oio] NettySharedConnection - created RemoteClient channel on remote host, ch=[id: 0x3d600618, L:/10.239.204.111:47654 - R:/10.239.212.107:34293]
2021-04-22 08:02:03.843 GMT+0000 INFO  [task-result-getter-0] TaskSetManager - Finished task 0.0 in stage 0.0 (TID 0) in 1743 ms on 10.239.212.107 (executor 1) (1/1)
2021-04-22 08:02:03.847 GMT+0000 INFO  [task-result-getter-0] TaskSchedulerImpl - Removed TaskSet 0.0, whose tasks have all completed, from pool default
2021-04-22 08:02:03.852 GMT+0000 INFO  [dag-scheduler-event-loop] DAGScheduler - ResultStage 0 (apply at PXMetricAware.scala:42) finished in 2.307 s
2021-04-22 08:02:03.857 GMT+0000 INFO  [spark-listener-akka.actor.default-dispatcher-2] DAGScheduler - Job 0 finished: apply at PXMetricAware.scala:42, took 2.351689 s
2021-04-22 08:02:08.702 GMT+0000 INFO  [spark-listener-akka.actor.default-dispatcher-2] ExecutorActor - Adding executor 1
2021-04-22 08:02:09.702 GMT+0000 INFO  [spark-listener-akka.actor.default-dispatcher-2] ExecutorActor - Bootstrapping executors: Set(1, 2)
2021-04-22 08:02:09.708 GMT+0000 INFO  [spark-listener-akka.actor.default-dispatcher-2] SparkContext - Starting job: apply at PXMetricAware.scala:42
2021-04-22 08:02:09.709 GMT+0000 INFO  [dag-scheduler-event-loop] DAGScheduler - Got job 1 (apply at PXMetricAware.scala:42) with 2 output partitions
2021-04-22 08:02:09.709 GMT+0000 INFO  [dag-scheduler-event-loop] DAGScheduler - Final stage: ResultStage 1 (apply at PXMetricAware.scala:42)
2021-04-22 08:02:09.709 GMT+0000 INFO  [dag-scheduler-event-loop] DAGScheduler - Parents of final stage: List()
2021-04-22 08:02:09.709 GMT+0000 INFO  [dag-scheduler-event-loop] DAGScheduler - Missing parents: List()
2021-04-22 08:02:09.710 GMT+0000 INFO  [dag-scheduler-event-loop] DAGScheduler - Submitting ResultStage 1 (MapPartitionsRDD[3] at apply at PXMetricAware.scala:42), which has no missing parents
2021-04-22 08:02:09.712 GMT+0000 INFO  [dag-scheduler-event-loop] MemoryStore - Block broadcast_1 stored as values in memory (estimated size 3.5 KB, free 4.6 GB)
2021-04-22 08:02:09.719 GMT+0000 INFO  [dag-scheduler-event-loop] MemoryStore - Block broadcast_1_piece0 stored as bytes in memory (estimated size 2.3 KB, free 4.6 GB)
2021-04-22 08:02:09.720 GMT+0000 INFO  [dispatcher-event-loop-0] BlockManagerInfo - Added broadcast_1_piece0 in memory on spark-1619078499672-driver-svc.sutanu-supportability.svc:7079 (size: 2.3 KB, free: 4.6 GB)
2021-04-22 08:02:09.720 GMT+0000 INFO  [dag-scheduler-event-loop] SparkContext - Created broadcast 1 from broadcast at DAGScheduler.scala:1161
2021-04-22 08:02:09.721 GMT+0000 INFO  [dag-scheduler-event-loop] DAGScheduler - Submitting 2 missing tasks from ResultStage 1 (MapPartitionsRDD[3] at apply at PXMetricAware.scala:42) (first 15 tasks are for partitions Vector(0, 1))
2021-04-22 08:02:09.722 GMT+0000 INFO  [dag-scheduler-event-loop] TaskSchedulerImpl - Adding task set 1.0 with 2 tasks
2021-04-22 08:02:09.722 GMT+0000 INFO  [dag-scheduler-event-loop] FairSchedulableBuilder - Added task set TaskSet_1.0 tasks to pool default
2021-04-22 08:02:09.728 GMT+0000 INFO  [dispatcher-event-loop-1] TaskSetManager - Starting task 0.0 in stage 1.0 (TID 1, 10.239.255.207, executor 2, partition 0, PROCESS_LOCAL, 7740 bytes)
2021-04-22 08:02:09.733 GMT+0000 INFO  [dispatcher-event-loop-1] TaskSetManager - Starting task 1.0 in stage 1.0 (TID 2, 10.239.212.107, executor 1, partition 1, PROCESS_LOCAL, 7741 bytes)
2021-04-22 08:02:09.754 GMT+0000 INFO  [dispatcher-event-loop-0] BlockManagerInfo - Added broadcast_1_piece0 in memory on 10.239.212.107:46771 (size: 2.3 KB, free: 9.0 GB)
2021-04-22 08:02:09.782 GMT+0000 INFO  [task-result-getter-1] TaskSetManager - Finished task 1.0 in stage 1.0 (TID 2) in 54 ms on 10.239.212.107 (executor 1) (1/2)
2021-04-22 08:02:10.786 GMT+0000 INFO  [dispatcher-event-loop-1] BlockManagerInfo - Added broadcast_1_piece0 in memory on 10.239.255.207:35913 (size: 2.3 KB, free: 9.0 GB)
2021-04-22 08:02:11.380 GMT+0000 WARN  [netty-worker-CacheMessageServer-oio] CacheManagerMasterImpl - Executor 2 not found
2021-04-22 08:02:11.380 GMT+0000 INFO  [netty-worker-CacheMessageServer-oio] CacheManagerMasterImpl - RemoteClient created, executor=2, host=10.239.255.207, port=33319
2021-04-22 08:02:11.382 GMT+0000 INFO  [netty-worker-CacheMessageServer-oio] NettySharedConnection - created RemoteClient channel on remote host, ch=[id: 0xd173b0da, L:/10.239.204.111:37306 - R:/10.239.255.207:33319]
2021-04-22 08:02:11.486 GMT+0000 INFO  [task-result-getter-2] TaskSetManager - Finished task 0.0 in stage 1.0 (TID 1) in 1763 ms on 10.239.255.207 (executor 2) (2/2)
2021-04-22 08:02:11.486 GMT+0000 INFO  [task-result-getter-2] TaskSchedulerImpl - Removed TaskSet 1.0, whose tasks have all completed, from pool default
2021-04-22 08:02:11.487 GMT+0000 INFO  [dag-scheduler-event-loop] DAGScheduler - ResultStage 1 (apply at PXMetricAware.scala:42) finished in 1.775 s
2021-04-22 08:02:11.487 GMT+0000 INFO  [spark-listener-akka.actor.default-dispatcher-2] DAGScheduler - Job 1 finished: apply at PXMetricAware.scala:42, took 1.778541 s
2021-04-22 08:02:51.296 GMT+0000 INFO  [???-???-???-???-???-???] ScriptServlet - 
2021-04-22 08:03:51.295 GMT+0000 INFO  [???-???-???-???-???-???] ScriptServlet - 
2021-04-22 08:04:51.294 GMT+0000 INFO  [???-???-???-???-???-???] ScriptServlet - 
2021-04-22 08:05:51.295 GMT+0000 INFO  [???-???-???-???-???-???] ScriptServlet - 
2021-04-22 08:06:51.295 GMT+0000 INFO  [???-???-???-???-???-???] ScriptServlet - 
2021-04-22 08:07:51.295 GMT+0000 INFO  [???-???-???-???-???-???] ScriptServlet - 
2021-04-22 08:08:51.296 GMT+0000 INFO  [???-???-???-???-???-???] ScriptServlet - 
2021-04-22 08:09:07.200 GMT+0000 INFO  [superuser-cadf03be97704ba097c090853ea21a21-13-c164bf8d425347c88f06b016607916d7-dataManagerService.getData-LIVE-c164bf8d425347c88f06b016607916d7] ScriptRunner - Start executing script. fingerprints: FingerprintObject(messageId,13-c164bf8d425347c88f06b016607916d7),FingerprintObject(requestId,c164bf8d425347c88f06b016607916d7),FingerprintObject(projectId,91526c67de8c46a1875a4457ab290dab),FingerprintObject(requestDescription,dataManagerService.getData),FingerprintObject(userId,7abbf51348544f42b7811e2152cfe19e),FingerprintObject(requestType,LIVE),FingerprintObject(tenantName,administration),FingerprintObject(userName,superuser),FingerprintObject(sessionId,cadf03be97704ba097c090853ea21a21),FingerprintObject(tenantId,a17c1afe4fff40299de88f3f7135e689), script: authtoken = "3SvuOiN/Zwy74Y8i8sx/0N85pPSh6hUrmhvZOx8XB40=" live  language = English
# target
pipeline ds_91526c67de8c46a1875a4457ab290dab = {
driving table ds_91526c67de8c46a1875a4457ab290dab_0 with columns ["# Generated by gradle on 2021-02-22T06:25:50.392Z by /home/teamcity/teamcity/work/5d8bf7923872a969/pipeline-proxy/build.gradle" -> "# Generated by gradle on 2021-02-22T06:25:50.392Z by /home/teamcity/teamcity/work/5d8bf7923872a969/pipeline-proxy/build.gradle"]

}

# target_0
pipeline ds_91526c67de8c46a1875a4457ab290dab_0 = {
import {
  "data" : {
    "connectionOptions" : { },
    "path" : "file:///usr/local/paxata/server/tmp/lib-tmp/library/a17c1afe4fff40299de88f3f7135e689/7abbf51348544f42b7811e2152cfe19e/ca62d53e5206470484b45bf10896173a/c63847e7d3094e86b377c2485920c7fd/data",
    "fileType" : "PaxataParquet",
    "importOptions" : { },
    "fileNames" : [ {
      "pattern" : "part-000000.parquet",
      "range" : ""
    } ]
  },
  "version" : 1,
  "id" : "ca62d53e5206470484b45bf10896173a",
  "metadata" : "http://pax-installation-paxserver-internal.sutanu-supportability:9080/library/getMetadata?id=ca62d53e5206470484b45bf10896173a&version=1&uniqueId=8c2b7af3a02d4d5894cb66ea9f3a97f8&mdVer=1&dataVer=35",
  "rowLimit" : 35
} with columns ["# Generated by gradle on 2021-02-22T06:25:50.392Z by /home/teamcity/teamcity/work/5d8bf7923872a969/pipeline-proxy/build.gradle"]


}

view ["$$_Sources","# Generated by gradle on 2021-02-22T06:25:50.392Z by /home/teamcity/teamcity/work/5d8bf7923872a969/pipeline-proxy/build.gradle"] from ds_91526c67de8c46a1875a4457ab290dab rows 0 to 378

2021-04-22 08:09:07.213 GMT+0000 INFO  [script-request-akka.actor.default-dispatcher-4] SparkJobProgressListener - jobGroup started. jobGroupId=2fd7fcee-63e0-4aad-b98e-79078ae6596f, requestId=c164bf8d425347c88f06b016607916d7
2021-04-22 08:09:07.213 GMT+0000 INFO  [script-request-akka.actor.default-dispatcher-4] SparkJobProgressListener - startGroup: getOrCreate context 2fd7fcee-63e0-4aad-b98e-79078ae6596f
2021-04-22 08:09:07.219 GMT+0000 INFO  [Thread-51] AsyncContextEventDispatcher$QueueWorker - Starting worker contextId=2fd7fcee-63e0-4aad-b98e-79078ae6596f, contextTimeout=7200000
2021-04-22 08:09:07.236 GMT+0000 INFO  [script-request-akka.actor.default-dispatcher-4] ScriptRequestActor - New request on jobGroup 2fd7fcee-63e0-4aad-b98e-79078ae6596f, fingerprints requestType=LIVE,projectId=91526c67de8c46a1875a4457ab290dab,requestDescription=dataManagerService.getData,sessionId=cadf03be97704ba097c090853ea21a21,messageId=13-c164bf8d425347c88f06b016607916d7,requestId=c164bf8d425347c88f06b016607916d7,userId=7abbf51348544f42b7811e2152cfe19e,tenantId=a17c1afe4fff40299de88f3f7135e689,userName=superuser,tenantName=administration
[INFO] [04/22/2021 08:09:07.239] [script-request-akka.actor.default-dispatcher-5] [akka://script-request/deadLetters] Message [akka.actor.LocalActorRef] from Actor[akka://script-request/user/$a#1350025564] to Actor[akka://script-request/deadLetters] was not delivered. [1] dead letters encountered. This logging can be turned off or adjusted with configuration settings 'akka.log-dead-letters' and 'akka.log-dead-letters-during-shutdown'.
2021-04-22 08:09:07.378 GMT+0000 INFO  [Spark Context Cleaner] ContextCleaner - Cleaned accumulator 36
2021-04-22 08:09:07.378 GMT+0000 INFO  [Spark Context Cleaner] ContextCleaner - Cleaned accumulator 23
2021-04-22 08:09:07.378 GMT+0000 INFO  [Spark Context Cleaner] ContextCleaner - Cleaned accumulator 19
2021-04-22 08:09:07.379 GMT+0000 INFO  [Spark Context Cleaner] ContextCleaner - Cleaned accumulator 28
2021-04-22 08:09:07.379 GMT+0000 INFO  [Spark Context Cleaner] ContextCleaner - Cleaned accumulator 39
2021-04-22 08:09:07.390 GMT+0000 INFO  [dispatcher-event-loop-1] BlockManagerInfo - Removed broadcast_0_piece0 on spark-1619078499672-driver-svc.sutanu-supportability.svc:7079 in memory (size: 2.3 KB, free: 4.6 GB)
2021-04-22 08:09:07.401 GMT+0000 INFO  [dispatcher-event-loop-0] BlockManagerInfo - Removed broadcast_0_piece0 on 10.239.212.107:46771 in memory (size: 2.3 KB, free: 9.0 GB)
2021-04-22 08:09:07.406 GMT+0000 INFO  [Spark Context Cleaner] ContextCleaner - Cleaned accumulator 44
2021-04-22 08:09:07.406 GMT+0000 INFO  [Spark Context Cleaner] ContextCleaner - Cleaned accumulator 18
2021-04-22 08:09:07.407 GMT+0000 INFO  [Spark Context Cleaner] ContextCleaner - Cleaned accumulator 17
2021-04-22 08:09:07.407 GMT+0000 INFO  [Spark Context Cleaner] ContextCleaner - Cleaned accumulator 30
2021-04-22 08:09:07.407 GMT+0000 INFO  [Spark Context Cleaner] ContextCleaner - Cleaned accumulator 0
2021-04-22 08:09:07.407 GMT+0000 INFO  [Spark Context Cleaner] ContextCleaner - Cleaned accumulator 42
2021-04-22 08:09:07.407 GMT+0000 INFO  [Spark Context Cleaner] ContextCleaner - Cleaned accumulator 27
2021-04-22 08:09:07.407 GMT+0000 INFO  [Spark Context Cleaner] ContextCleaner - Cleaned accumulator 5
2021-04-22 08:09:07.407 GMT+0000 INFO  [Spark Context Cleaner] ContextCleaner - Cleaned accumulator 7
2021-04-22 08:09:07.407 GMT+0000 INFO  [Spark Context Cleaner] ContextCleaner - Cleaned accumulator 45
2021-04-22 08:09:07.407 GMT+0000 INFO  [Spark Context Cleaner] ContextCleaner - Cleaned accumulator 3
2021-04-22 08:09:07.407 GMT+0000 INFO  [Spark Context Cleaner] ContextCleaner - Cleaned accumulator 31
2021-04-22 08:09:07.407 GMT+0000 INFO  [Spark Context Cleaner] ContextCleaner - Cleaned accumulator 33
2021-04-22 08:09:07.408 GMT+0000 INFO  [Spark Context Cleaner] ContextCleaner - Cleaned accumulator 2
2021-04-22 08:09:07.408 GMT+0000 INFO  [Spark Context Cleaner] ContextCleaner - Cleaned accumulator 24
2021-04-22 08:09:07.408 GMT+0000 INFO  [Spark Context Cleaner] ContextCleaner - Cleaned accumulator 15
2021-04-22 08:09:07.409 GMT+0000 INFO  [dispatcher-event-loop-0] BlockManagerInfo - Removed broadcast_1_piece0 on spark-1619078499672-driver-svc.sutanu-supportability.svc:7079 in memory (size: 2.3 KB, free: 4.6 GB)
2021-04-22 08:09:07.411 GMT+0000 INFO  [dispatcher-event-loop-1] BlockManagerInfo - Removed broadcast_1_piece0 on 10.239.212.107:46771 in memory (size: 2.3 KB, free: 9.0 GB)
2021-04-22 08:09:07.416 GMT+0000 INFO  [dispatcher-event-loop-0] BlockManagerInfo - Removed broadcast_1_piece0 on 10.239.255.207:35913 in memory (size: 2.3 KB, free: 9.0 GB)
2021-04-22 08:09:07.419 GMT+0000 INFO  [Spark Context Cleaner] ContextCleaner - Cleaned accumulator 43
2021-04-22 08:09:07.419 GMT+0000 INFO  [Spark Context Cleaner] ContextCleaner - Cleaned accumulator 10
2021-04-22 08:09:07.419 GMT+0000 INFO  [Spark Context Cleaner] ContextCleaner - Cleaned accumulator 16
2021-04-22 08:09:07.419 GMT+0000 INFO  [Spark Context Cleaner] ContextCleaner - Cleaned accumulator 25
2021-04-22 08:09:07.419 GMT+0000 INFO  [Spark Context Cleaner] ContextCleaner - Cleaned accumulator 1
2021-04-22 08:09:07.419 GMT+0000 INFO  [Spark Context Cleaner] ContextCleaner - Cleaned accumulator 22
2021-04-22 08:09:07.419 GMT+0000 INFO  [Spark Context Cleaner] ContextCleaner - Cleaned accumulator 29
2021-04-22 08:09:07.419 GMT+0000 INFO  [Spark Context Cleaner] ContextCleaner - Cleaned accumulator 4
2021-04-22 08:09:07.419 GMT+0000 INFO  [Spark Context Cleaner] ContextCleaner - Cleaned accumulator 46
2021-04-22 08:09:07.419 GMT+0000 INFO  [Spark Context Cleaner] ContextCleaner - Cleaned accumulator 12
2021-04-22 08:09:07.419 GMT+0000 INFO  [Spark Context Cleaner] ContextCleaner - Cleaned accumulator 37
2021-04-22 08:09:07.419 GMT+0000 INFO  [Spark Context Cleaner] ContextCleaner - Cleaned accumulator 34
2021-04-22 08:09:07.419 GMT+0000 INFO  [Spark Context Cleaner] ContextCleaner - Cleaned accumulator 40
2021-04-22 08:09:07.420 GMT+0000 INFO  [Spark Context Cleaner] ContextCleaner - Cleaned accumulator 20
2021-04-22 08:09:07.420 GMT+0000 INFO  [Spark Context Cleaner] ContextCleaner - Cleaned accumulator 21
2021-04-22 08:09:07.420 GMT+0000 INFO  [Spark Context Cleaner] ContextCleaner - Cleaned accumulator 26
2021-04-22 08:09:07.420 GMT+0000 INFO  [Spark Context Cleaner] ContextCleaner - Cleaned accumulator 49
2021-04-22 08:09:07.420 GMT+0000 INFO  [Spark Context Cleaner] ContextCleaner - Cleaned accumulator 32
2021-04-22 08:09:07.420 GMT+0000 INFO  [Spark Context Cleaner] ContextCleaner - Cleaned accumulator 6
2021-04-22 08:09:07.420 GMT+0000 INFO  [Spark Context Cleaner] ContextCleaner - Cleaned accumulator 14
2021-04-22 08:09:07.420 GMT+0000 INFO  [Spark Context Cleaner] ContextCleaner - Cleaned accumulator 47
2021-04-22 08:09:07.420 GMT+0000 INFO  [Spark Context Cleaner] ContextCleaner - Cleaned accumulator 13
2021-04-22 08:09:07.420 GMT+0000 INFO  [Spark Context Cleaner] ContextCleaner - Cleaned accumulator 8
2021-04-22 08:09:07.420 GMT+0000 INFO  [Spark Context Cleaner] ContextCleaner - Cleaned accumulator 38
2021-04-22 08:09:07.420 GMT+0000 INFO  [Spark Context Cleaner] ContextCleaner - Cleaned accumulator 48
2021-04-22 08:09:07.420 GMT+0000 INFO  [Spark Context Cleaner] ContextCleaner - Cleaned accumulator 41
2021-04-22 08:09:07.420 GMT+0000 INFO  [Spark Context Cleaner] ContextCleaner - Cleaned accumulator 11
2021-04-22 08:09:07.420 GMT+0000 INFO  [Spark Context Cleaner] ContextCleaner - Cleaned accumulator 35
2021-04-22 08:09:07.420 GMT+0000 INFO  [Spark Context Cleaner] ContextCleaner - Cleaned accumulator 9
2021-04-22 08:09:07.633 GMT+0000 INFO  [pool-26-thread-1] HttpDataFetcher - Fetching data using url http://pax-installation-paxserver-internal.sutanu-supportability:9080/library/getMetadata?id=ca62d53e5206470484b45bf10896173a&version=1&uniqueId=8c2b7af3a02d4d5894cb66ea9f3a97f8&mdVer=1&dataVer=35
2021-04-22 08:09:07.971 GMT+0000 INFO  [pool-26-thread-1] MemoryStore - Block broadcast_2 stored as values in memory (estimated size 40.0 B, free 4.6 GB)
2021-04-22 08:09:07.980 GMT+0000 INFO  [pool-26-thread-1] MemoryStore - Block broadcast_2_piece0 stored as bytes in memory (estimated size 44.0 B, free 4.6 GB)
2021-04-22 08:09:07.981 GMT+0000 INFO  [dispatcher-event-loop-1] BlockManagerInfo - Added broadcast_2_piece0 in memory on spark-1619078499672-driver-svc.sutanu-supportability.svc:7079 (size: 44.0 B, free: 4.6 GB)
2021-04-22 08:09:07.981 GMT+0000 INFO  [pool-26-thread-1] SparkContext - Created broadcast 2 from broadcast at ImportExecNode.scala:89
2021-04-22 08:09:08.014 GMT+0000 WARN  [pool-26-thread-1] SparkConf - The configuration key 'spark.kryoserializer.buffer.max.mb' has been deprecated as of Spark 1.4 and may be removed in the future. Please use the new key 'spark.kryoserializer.buffer.max' instead.
2021-04-22 08:09:08.045 GMT+0000 INFO  [pool-26-thread-1] SharedState - Setting hive.metastore.warehouse.dir ('null') to the value of spark.sql.warehouse.dir ('file:/opt/spark/work-dir/spark-warehouse').
2021-04-22 08:09:08.046 GMT+0000 INFO  [pool-26-thread-1] SharedState - Warehouse path is 'file:/opt/spark/work-dir/spark-warehouse'.
2021-04-22 08:09:08.501 GMT+0000 INFO  [pool-26-thread-1] StateStoreCoordinatorRef - Registered StateStoreCoordinator endpoint
2021-04-22 08:09:08.509 GMT+0000 WARN  [pool-26-thread-1] SparkSession$Builder - Using an existing SparkSession; some configuration may not take effect.
2021-04-22 08:09:08.859 GMT+0000 INFO  [pool-26-thread-1] JobGroupManager - releasing resources for jobs group 2fd7fcee-63e0-4aad-b98e-79078ae6596f as part of 1 others on clients Vector() blocking is true
2021-04-22 08:09:08.870 GMT+0000 INFO  [pool-26-thread-1] MemoryStore - Block broadcast_3 stored as values in memory (estimated size 40.0 B, free 4.6 GB)
2021-04-22 08:09:08.892 GMT+0000 INFO  [pool-26-thread-1] MemoryStore - Block broadcast_3_piece0 stored as bytes in memory (estimated size 44.0 B, free 4.6 GB)
2021-04-22 08:09:08.893 GMT+0000 INFO  [dispatcher-event-loop-0] BlockManagerInfo - Removed broadcast_2_piece0 on spark-1619078499672-driver-svc.sutanu-supportability.svc:7079 in memory (size: 44.0 B, free: 4.6 GB)
2021-04-22 08:09:08.893 GMT+0000 INFO  [dispatcher-event-loop-0] BlockManagerInfo - Added broadcast_3_piece0 in memory on spark-1619078499672-driver-svc.sutanu-supportability.svc:7079 (size: 44.0 B, free: 4.6 GB)
2021-04-22 08:09:08.894 GMT+0000 INFO  [pool-26-thread-1] SparkContext - Created broadcast 3 from broadcast at ImportExecNode.scala:89
2021-04-22 08:09:08.897 GMT+0000 WARN  [pool-26-thread-1] SparkConf - The configuration key 'spark.kryoserializer.buffer.max.mb' has been deprecated as of Spark 1.4 and may be removed in the future. Please use the new key 'spark.kryoserializer.buffer.max' instead.
2021-04-22 08:09:08.898 GMT+0000 WARN  [pool-26-thread-1] SparkSession$Builder - Using an existing SparkSession; some configuration may not take effect.
2021-04-22 08:09:08.905 GMT+0000 INFO  [pool-26-thread-1] JobGroupManager - releasing resources for jobs group 2fd7fcee-63e0-4aad-b98e-79078ae6596f as part of 1 others on clients Vector() blocking is true
2021-04-22 08:09:08.907 GMT+0000 ERROR [pool-26-thread-1] ScriptParser - Failure in execute
org.apache.spark.sql.AnalysisException: Path does not exist: file:/usr/local/paxata/server/tmp/lib-tmp/library/a17c1afe4fff40299de88f3f7135e689/7abbf51348544f42b7811e2152cfe19e/ca62d53e5206470484b45bf10896173a/c63847e7d3094e86b377c2485920c7fd/data/part-000000.parquet;
	at org.apache.spark.sql.execution.datasources.DataSource$$anonfun$org$apache$spark$sql$execution$datasources$DataSource$$checkAndGlobPathIfNecessary$1.apply(DataSource.scala:558)
	at org.apache.spark.sql.execution.datasources.DataSource$$anonfun$org$apache$spark$sql$execution$datasources$DataSource$$checkAndGlobPathIfNecessary$1.apply(DataSource.scala:545)
	at scala.collection.TraversableLike$$anonfun$flatMap$1.apply(TraversableLike.scala:241)
	at scala.collection.TraversableLike$$anonfun$flatMap$1.apply(TraversableLike.scala:241)
	at scala.collection.immutable.List.foreach(List.scala:392)
	at scala.collection.TraversableLike$class.flatMap(TraversableLike.scala:241)
	at scala.collection.immutable.List.flatMap(List.scala:355)
	at org.apache.spark.sql.execution.datasources.DataSource.org$apache$spark$sql$execution$datasources$DataSource$$checkAndGlobPathIfNecessary(DataSource.scala:545)
	at org.apache.spark.sql.execution.datasources.DataSource.resolveRelation(DataSource.scala:359)
	at org.apache.spark.sql.DataFrameReader.loadV1Source(DataFrameReader.scala:223)
	at org.apache.spark.sql.DataFrameReader.load(DataFrameReader.scala:211)
	at org.apache.spark.sql.DataFrameReader.parquet(DataFrameReader.scala:644)
	at com.paxata.spark.objectCode.ImportExecNode.com$paxata$spark$objectCode$ImportExecNode$$readParquet$1(ImportExecNode.scala:151)
	at com.paxata.spark.objectCode.ImportExecNode$$anonfun$9.apply(ImportExecNode.scala:154)
	at com.paxata.spark.objectCode.ImportExecNode$$anonfun$9.apply(ImportExecNode.scala:154)
	at scala.collection.parallel.mutable.ParArray$Map.leaf(ParArray.scala:657)
	at scala.collection.parallel.Task$$anonfun$tryLeaf$1.apply$mcV$sp(Tasks.scala:49)
	at scala.collection.parallel.Task$$anonfun$tryLeaf$1.apply(Tasks.scala:48)
	at scala.collection.parallel.Task$$anonfun$tryLeaf$1.apply(Tasks.scala:48)
	at scala.collection.parallel.Task$class.tryLeaf(Tasks.scala:51)
	at scala.collection.parallel.mutable.ParArray$Map.tryLeaf(ParArray.scala:648)
	at scala.collection.parallel.AdaptiveWorkStealingTasks$WrappedTask$class.compute(Tasks.scala:152)
	at scala.collection.parallel.AdaptiveWorkStealingForkJoinTasks$WrappedTask.compute(Tasks.scala:443)
	at scala.concurrent.forkjoin.RecursiveAction.exec(RecursiveAction.java:160)
	at scala.concurrent.forkjoin.ForkJoinTask.doExec(ForkJoinTask.java:260)
	at scala.concurrent.forkjoin.ForkJoinPool$WorkQueue.runTask(ForkJoinPool.java:1339)
	at scala.concurrent.forkjoin.ForkJoinPool.runWorker(ForkJoinPool.java:1979)
	at scala.concurrent.forkjoin.ForkJoinWorkerThread.run(ForkJoinWorkerThread.java:107)
2021-04-22 08:09:08.917 GMT+0000 INFO  [directImport-2fd7fcee-63e0-4aad-b98e-79078ae6596f] ProgressServer - Exit signal received, exiting
2021-04-22 08:09:08.917 GMT+0000 INFO  [directImport-2fd7fcee-63e0-4aad-b98e-79078ae6596f] ProgressServer - Exit signal received, exiting
2021-04-22 08:09:08.923 GMT+0000 INFO  [pool-26-thread-1] JobGroupManager - releasing resources for jobs group 2fd7fcee-63e0-4aad-b98e-79078ae6596f as part of 1 others on clients Vector() blocking is false
2021-04-22 08:09:08.925 GMT+0000 INFO  [script-request-akka.actor.default-dispatcher-4] ScriptRequestActor - Finished jobGroup 2fd7fcee-63e0-4aad-b98e-79078ae6596f with result Left(ScriptExecutionErrors(Pipeline_Gene
2021-04-22 08:09:08.928 GMT+0000 INFO  [Thread-51] SplunkLoggerListener - state=completed,requestType=LIVE,projectId=91526c67de8c46a1875a4457ab290dab,requestDescription=dataManagerService.getData,coreMsUsed=-1,userId=7abbf51348544f42b7811e2152cfe19e,tenantId=a17c1afe4fff40299de88f3f7135e689,jobGroup=2fd7fcee-63e0-4aad-b98e-79078ae6596f
2021-04-22 08:09:08.929 GMT+0000 INFO  [superuser-cadf03be97704ba097c090853ea21a21-13-c164bf8d425347c88f06b016607916d7-dataManagerService.getData-LIVE-c164bf8d425347c88f06b016607916d7] ScriptRunner - End executing script in 1729 millisecs. fingerprints: FingerprintObject(messageId,13-c164bf8d425347c88f06b016607916d7), FingerprintObject(requestId,c164bf8d425347c88f06b016607916d7), FingerprintObject(projectId,91526c67de8c46a1875a4457ab290dab), FingerprintObject(requestDescription,dataManagerService.getData), FingerprintObject(userId,7abbf51348544f42b7811e2152cfe19e), FingerprintObject(requestType,LIVE), FingerprintObject(tenantName,administration), FingerprintObject(userName,superuser), FingerprintObject(sessionId,cadf03be97704ba097c090853ea21a21), FingerprintObject(tenantId,a17c1afe4fff40299de88f3f7135e689)
2021-04-22 08:09:08.929 GMT+0000 INFO  [script-request-akka.actor.default-dispatcher-4] ScriptRequestActor - Marking requester requestType=LIVE,projectId=91526c67de8c46a1875a4457ab290dab,requestDescription=dataManagerService.getData,sessionId=cadf03be97704ba097c090853ea21a21,messageId=13-c164bf8d425347c88f06b016607916d7,requestId=c164bf8d425347c88f06b016607916d7,userId=7abbf51348544f42b7811e2152cfe19e,tenantId=a17c1afe4fff40299de88f3f7135e689,userName=superuser,tenantName=administration with Left(ScriptExecutionErrors(Pipeline_Gene
2021-04-22 08:09:08.935 GMT+0000 INFO  [script-request-akka.actor.default-dispatcher-4] AsyncContextEventDispatcher - Posting terminating event via main queue contextId=Some(2fd7fcee-63e0-4aad-b98e-79078ae6596f)
2021-04-22 08:09:08.943 GMT+0000 INFO  [Thread-51] RequestInfoListener - jobGroup ended. jobGroupId=2fd7fcee-63e0-4aad-b98e-79078ae6596f, requestIds=List(c164bf8d425347c88f06b016607916d7)
2021-04-22 08:09:08.953 GMT+0000 INFO  [superuser-cadf03be97704ba097c090853ea21a21-13-c164bf8d425347c88f06b016607916d7-dataManagerService.getData-LIVE-c164bf8d425347c88f06b016607916d7] ScriptServlet - requestType=LIVE,projectId=91526c67de8c46a1875a4457ab290dab,requestDescription=dataManagerService.getData,userId=7abbf51348544f42b7811e2152cfe19e,tenantId=a17c1afe4fff40299de88f3f7135e689
2021-04-22 08:09:08.960 GMT+0000 INFO  [Thread-51] AsyncContextEventDispatcher$QueueWorker - Terminating worker contextId=2fd7fcee-63e0-4aad-b98e-79078ae6596f
2021-04-22 08:09:09.021 GMT+0000 INFO  [pool-3-thread-1] StatMessageHandler - {"name":"requestComplete","startTime":1619078948937,"endTime":1619078948942,"coreMsUsed":-1,"sysCoreCapacity":0,"maxCoresRequested":0,"maxRowsProcessed":0,"jobGroupId":"2fd7fcee-63e0-4aad-b98e-79078ae6596f","stepStat.totalForImportSteps.rows":35,"stepStat.totalForImportSteps.cols":1,"stepStat.totalForImportSteps.byteSize":785,"numberOfRequests":1,"requestInfo.projectName":"projectNameUnknown","requestInfo.requestType":"LIVE","requestInfo.projectId":"91526c67de8c46a1875a4457ab290dab","requestInfo.requestDescription":"dataManagerService.getData","requestInfo.sessionId":"cadf03be97704ba097c090853ea21a21","requestInfo.requestId":"c164bf8d425347c88f06b016607916d7","requestInfo.userId":"7abbf51348544f42b7811e2152cfe19e","requestInfo.tenantId":"a17c1afe4fff40299de88f3f7135e689","requestInfo.userName":"superuser","requestInfo.tenantName":"administration"}
2021-04-22 08:09:09.021 GMT+0000 INFO  [pool-3-thread-1] StatMessageHandler - {"name":"requestComplete","startTime":1619078948937,"endTime":1619078948942,"coreMsUsed":-1,"sysCoreCapacity":0,"maxCoresRequested":0,"maxRowsProcessed":0,"jobGroupId":"2fd7fcee-63e0-4aad-b98e-79078ae6596f","stepStat.totalForImportSteps.rows":35,"stepStat.totalForImportSteps.cols":1,"stepStat.totalForImportSteps.byteSize":785,"numberOfRequests":1,"requestInfo.projectName":"projectNameUnknown","requestInfo.requestType":"LIVE","requestInfo.projectId":"91526c67de8c46a1875a4457ab290dab","requestInfo.requestDescription":"dataManagerService.getData","requestInfo.sessionId":"cadf03be97704ba097c090853ea21a21","requestInfo.requestId":"c164bf8d425347c88f06b016607916d7","requestInfo.userId":"7abbf51348544f42b7811e2152cfe19e","requestInfo.tenantId":"a17c1afe4fff40299de88f3f7135e689","requestInfo.userName":"superuser","requestInfo.tenantName":"administration"}
2021-04-22 08:09:51.296 GMT+0000 INFO  [???-???-???-???-???-???] ScriptServlet - 
2021-04-22 08:10:51.296 GMT+0000 INFO  [???-???-???-???-???-???] ScriptServlet - 
2021-04-22 08:11:50.982 GMT+0000 INFO  [nioEventLoopGroup-7-1] NettySharedConnection - shutdown request, ch=[id: 0xf99823d2, L:/10.239.204.111:47966 - R:/10.239.204.111:45687]
2021-04-22 08:11:50.984 GMT+0000 INFO  [nioEventLoopGroup-7-1] NettySharedConnection - shutdown complete, ch=[id: 0xf99823d2, L:/10.239.204.111:47966 ! R:/10.239.204.111:45687]
2021-04-22 08:11:51.023 GMT+0000 INFO  [nioEventLoopGroup-7-2] NettySharedConnection - shutdown request, ch=[id: 0xe8d922c5, L:/10.239.204.111:55076 - R:/10.239.204.111:41449]
2021-04-22 08:11:51.023 GMT+0000 INFO  [nioEventLoopGroup-7-2] NettySharedConnection - shutdown complete, ch=[id: 0xe8d922c5, L:/10.239.204.111:55076 ! R:/10.239.204.111:41449]
2021-04-22 08:11:51.295 GMT+0000 INFO  [???-???-???-???-???-???] ScriptServlet - 
2021-04-22 08:12:03.886 GMT+0000 INFO  [nioEventLoopGroup-7-3] NettySharedConnection - shutdown request, ch=[id: 0x3d600618, L:/10.239.204.111:47654 - R:/10.239.212.107:34293]
2021-04-22 08:12:03.887 GMT+0000 INFO  [nioEventLoopGroup-7-3] NettySharedConnection - shutdown complete, ch=[id: 0x3d600618, L:/10.239.204.111:47654 ! R:/10.239.212.107:34293]
2021-04-22 08:12:11.542 GMT+0000 INFO  [nioEventLoopGroup-7-4] NettySharedConnection - shutdown request, ch=[id: 0xd173b0da, L:/10.239.204.111:37306 - R:/10.239.255.207:33319]
2021-04-22 08:12:11.542 GMT+0000 INFO  [nioEventLoopGroup-7-4] NettySharedConnection - shutdown complete, ch=[id: 0xd173b0da, L:/10.239.204.111:37306 ! R:/10.239.255.207:33319]
2021-04-22 08:12:51.296 GMT+0000 INFO  [???-???-???-???-???-???] ScriptServlet - 
2021-04-22 08:13:51.296 GMT+0000 INFO  [???-???-???-???-???-???] ScriptServlet - 
2021-04-22 08:14:51.296 GMT+0000 INFO  [???-???-???-???-???-???] ScriptServlet - 
2021-04-22 08:15:51.297 GMT+0000 INFO  [???-???-???-???-???-???] ScriptServlet - 
2021-04-22 08:16:51.297 GMT+0000 INFO  [???-???-???-???-???-???] ScriptServlet - 
2021-04-22 08:17:05.771 GMT+0000 INFO  [qtp1619730386-103] StatusServlet - getOrCreate context servlet_reporting_context
2021-04-22 08:17:06.059 GMT+0000 INFO  [superuser-ca352902c3b347b1b671fc56b2c1b632-14-361e76e2cd004e8b98846a2af0f41d26-dataManagerService.getData-LIVE-361e76e2cd004e8b98846a2af0f41d26] ScriptRunner - Start executing script. fingerprints: FingerprintObject(projectId,91526c67de8c46a1875a4457ab290dab),FingerprintObject(requestDescription,dataManagerService.getData),FingerprintObject(messageId,14-361e76e2cd004e8b98846a2af0f41d26),FingerprintObject(userId,7abbf51348544f42b7811e2152cfe19e),FingerprintObject(requestType,LIVE),FingerprintObject(tenantName,administration),FingerprintObject(requestId,361e76e2cd004e8b98846a2af0f41d26),FingerprintObject(sessionId,ca352902c3b347b1b671fc56b2c1b632),FingerprintObject(userName,superuser),FingerprintObject(tenantId,a17c1afe4fff40299de88f3f7135e689), script: authtoken = "3SvuOiN/Zwy74Y8i8sx/0N85pPSh6hUrmhvZOx8XB40=" live  language = English
# target
pipeline ds_91526c67de8c46a1875a4457ab290dab = {
driving table ds_91526c67de8c46a1875a4457ab290dab_0 with columns ["# Generated by gradle on 2021-02-22T06:25:50.392Z by /home/teamcity/teamcity/work/5d8bf7923872a969/pipeline-proxy/build.gradle" -> "# Generated by gradle on 2021-02-22T06:25:50.392Z by /home/teamcity/teamcity/work/5d8bf7923872a969/pipeline-proxy/build.gradle"]

}

# target_0
pipeline ds_91526c67de8c46a1875a4457ab290dab_0 = {
import {
  "data" : {
    "connectionOptions" : { },
    "path" : "file:///usr/local/paxata/server/tmp/lib-tmp/library/a17c1afe4fff40299de88f3f7135e689/7abbf51348544f42b7811e2152cfe19e/ca62d53e5206470484b45bf10896173a/c63847e7d3094e86b377c2485920c7fd/data",
    "fileType" : "PaxataParquet",
    "importOptions" : { },
    "fileNames" : [ {
      "pattern" : "part-000000.parquet",
      "range" : ""
    } ]
  },
  "version" : 1,
  "id" : "ca62d53e5206470484b45bf10896173a",
  "metadata" : "http://pax-installation-paxserver-internal.sutanu-supportability:9080/library/getMetadata?id=ca62d53e5206470484b45bf10896173a&version=1&uniqueId=8c2b7af3a02d4d5894cb66ea9f3a97f8&mdVer=1&dataVer=35",
  "rowLimit" : 35
} with columns ["# Generated by gradle on 2021-02-22T06:25:50.392Z by /home/teamcity/teamcity/work/5d8bf7923872a969/pipeline-proxy/build.gradle"]


}

view ["$$_Sources","# Generated by gradle on 2021-02-22T06:25:50.392Z by /home/teamcity/teamcity/work/5d8bf7923872a969/pipeline-proxy/build.gradle"] from ds_91526c67de8c46a1875a4457ab290dab rows 0 to 378

2021-04-22 08:17:06.060 GMT+0000 INFO  [script-request-akka.actor.default-dispatcher-5] SparkJobProgressListener - jobGroup started. jobGroupId=9d2d218b-d0ea-4240-ae71-20b8935c93b3, requestId=361e76e2cd004e8b98846a2af0f41d26
2021-04-22 08:17:06.061 GMT+0000 INFO  [script-request-akka.actor.default-dispatcher-5] SparkJobProgressListener - startGroup: getOrCreate context 9d2d218b-d0ea-4240-ae71-20b8935c93b3
2021-04-22 08:17:06.062 GMT+0000 INFO  [Thread-53] AsyncContextEventDispatcher$QueueWorker - Starting worker contextId=9d2d218b-d0ea-4240-ae71-20b8935c93b3, contextTimeout=7200000
2021-04-22 08:17:06.064 GMT+0000 INFO  [script-request-akka.actor.default-dispatcher-5] ScriptRequestActor - New request on jobGroup 9d2d218b-d0ea-4240-ae71-20b8935c93b3, fingerprints requestType=LIVE,projectId=91526c67de8c46a1875a4457ab290dab,requestDescription=dataManagerService.getData,sessionId=ca352902c3b347b1b671fc56b2c1b632,messageId=14-361e76e2cd004e8b98846a2af0f41d26,requestId=361e76e2cd004e8b98846a2af0f41d26,userId=7abbf51348544f42b7811e2152cfe19e,tenantId=a17c1afe4fff40299de88f3f7135e689,userName=superuser,tenantName=administration
[INFO] [04/22/2021 08:17:06.065] [script-request-akka.actor.default-dispatcher-6] [akka://script-request/deadLetters] Message [akka.actor.LocalActorRef] from Actor[akka://script-request/user/$a#1350025564] to Actor[akka://script-request/deadLetters] was not delivered. [2] dead letters encountered. This logging can be turned off or adjusted with configuration settings 'akka.log-dead-letters' and 'akka.log-dead-letters-during-shutdown'.
2021-04-22 08:17:06.077 GMT+0000 INFO  [pool-26-thread-2] MemoryStore - Block broadcast_4 stored as values in memory (estimated size 40.0 B, free 4.6 GB)
2021-04-22 08:17:06.082 GMT+0000 INFO  [pool-26-thread-2] MemoryStore - Block broadcast_4_piece0 stored as bytes in memory (estimated size 44.0 B, free 4.6 GB)
2021-04-22 08:17:06.083 GMT+0000 INFO  [dispatcher-event-loop-0] BlockManagerInfo - Added broadcast_4_piece0 in memory on spark-1619078499672-driver-svc.sutanu-supportability.svc:7079 (size: 44.0 B, free: 4.6 GB)
2021-04-22 08:17:06.084 GMT+0000 INFO  [pool-26-thread-2] SparkContext - Created broadcast 4 from broadcast at ImportExecNode.scala:89
2021-04-22 08:17:06.086 GMT+0000 WARN  [pool-26-thread-2] SparkConf - The configuration key 'spark.kryoserializer.buffer.max.mb' has been deprecated as of Spark 1.4 and may be removed in the future. Please use the new key 'spark.kryoserializer.buffer.max' instead.
2021-04-22 08:17:06.087 GMT+0000 WARN  [pool-26-thread-2] SparkSession$Builder - Using an existing SparkSession; some configuration may not take effect.
2021-04-22 08:17:06.091 GMT+0000 INFO  [pool-26-thread-2] JobGroupManager - releasing resources for jobs group 9d2d218b-d0ea-4240-ae71-20b8935c93b3 as part of 1 others on clients Vector() blocking is true
2021-04-22 08:17:06.095 GMT+0000 INFO  [pool-26-thread-2] MemoryStore - Block broadcast_5 stored as values in memory (estimated size 40.0 B, free 4.6 GB)
2021-04-22 08:17:06.101 GMT+0000 INFO  [pool-26-thread-2] MemoryStore - Block broadcast_5_piece0 stored as bytes in memory (estimated size 44.0 B, free 4.6 GB)
2021-04-22 08:17:06.102 GMT+0000 INFO  [dispatcher-event-loop-1] BlockManagerInfo - Added broadcast_5_piece0 in memory on spark-1619078499672-driver-svc.sutanu-supportability.svc:7079 (size: 44.0 B, free: 4.6 GB)
2021-04-22 08:17:06.102 GMT+0000 INFO  [pool-26-thread-2] SparkContext - Created broadcast 5 from broadcast at ImportExecNode.scala:89
2021-04-22 08:17:06.104 GMT+0000 WARN  [pool-26-thread-2] SparkConf - The configuration key 'spark.kryoserializer.buffer.max.mb' has been deprecated as of Spark 1.4 and may be removed in the future. Please use the new key 'spark.kryoserializer.buffer.max' instead.
2021-04-22 08:17:06.105 GMT+0000 WARN  [pool-26-thread-2] SparkSession$Builder - Using an existing SparkSession; some configuration may not take effect.
2021-04-22 08:17:06.108 GMT+0000 INFO  [pool-26-thread-2] JobGroupManager - releasing resources for jobs group 9d2d218b-d0ea-4240-ae71-20b8935c93b3 as part of 1 others on clients Vector() blocking is true
2021-04-22 08:17:06.108 GMT+0000 ERROR [pool-26-thread-2] ScriptParser - Failure in execute
org.apache.spark.sql.AnalysisException: Path does not exist: file:/usr/local/paxata/server/tmp/lib-tmp/library/a17c1afe4fff40299de88f3f7135e689/7abbf51348544f42b7811e2152cfe19e/ca62d53e5206470484b45bf10896173a/c63847e7d3094e86b377c2485920c7fd/data/part-000000.parquet;
	at org.apache.spark.sql.execution.datasources.DataSource$$anonfun$org$apache$spark$sql$execution$datasources$DataSource$$checkAndGlobPathIfNecessary$1.apply(DataSource.scala:558)
	at org.apache.spark.sql.execution.datasources.DataSource$$anonfun$org$apache$spark$sql$execution$datasources$DataSource$$checkAndGlobPathIfNecessary$1.apply(DataSource.scala:545)
	at scala.collection.TraversableLike$$anonfun$flatMap$1.apply(TraversableLike.scala:241)
	at scala.collection.TraversableLike$$anonfun$flatMap$1.apply(TraversableLike.scala:241)
	at scala.collection.immutable.List.foreach(List.scala:392)
	at scala.collection.TraversableLike$class.flatMap(TraversableLike.scala:241)
	at scala.collection.immutable.List.flatMap(List.scala:355)
	at org.apache.spark.sql.execution.datasources.DataSource.org$apache$spark$sql$execution$datasources$DataSource$$checkAndGlobPathIfNecessary(DataSource.scala:545)
	at org.apache.spark.sql.execution.datasources.DataSource.resolveRelation(DataSource.scala:359)
	at org.apache.spark.sql.DataFrameReader.loadV1Source(DataFrameReader.scala:223)
	at org.apache.spark.sql.DataFrameReader.load(DataFrameReader.scala:211)
	at org.apache.spark.sql.DataFrameReader.parquet(DataFrameReader.scala:644)
	at com.paxata.spark.objectCode.ImportExecNode.com$paxata$spark$objectCode$ImportExecNode$$readParquet$1(ImportExecNode.scala:151)
	at com.paxata.spark.objectCode.ImportExecNode$$anonfun$9.apply(ImportExecNode.scala:154)
	at com.paxata.spark.objectCode.ImportExecNode$$anonfun$9.apply(ImportExecNode.scala:154)
	at scala.collection.parallel.mutable.ParArray$Map.leaf(ParArray.scala:657)
	at scala.collection.parallel.Task$$anonfun$tryLeaf$1.apply$mcV$sp(Tasks.scala:49)
	at scala.collection.parallel.Task$$anonfun$tryLeaf$1.apply(Tasks.scala:48)
	at scala.collection.parallel.Task$$anonfun$tryLeaf$1.apply(Tasks.scala:48)
	at scala.collection.parallel.Task$class.tryLeaf(Tasks.scala:51)
	at scala.collection.parallel.mutable.ParArray$Map.tryLeaf(ParArray.scala:648)
	at scala.collection.parallel.AdaptiveWorkStealingTasks$WrappedTask$class.compute(Tasks.scala:152)
	at scala.collection.parallel.AdaptiveWorkStealingForkJoinTasks$WrappedTask.compute(Tasks.scala:443)
	at scala.concurrent.forkjoin.RecursiveAction.exec(RecursiveAction.java:160)
	at scala.concurrent.forkjoin.ForkJoinTask.doExec(ForkJoinTask.java:260)
	at scala.concurrent.forkjoin.ForkJoinPool$WorkQueue.runTask(ForkJoinPool.java:1339)
	at scala.concurrent.forkjoin.ForkJoinPool.runWorker(ForkJoinPool.java:1979)
	at scala.concurrent.forkjoin.ForkJoinWorkerThread.run(ForkJoinWorkerThread.java:107)
2021-04-22 08:17:06.109 GMT+0000 INFO  [pool-26-thread-2] JobGroupManager - releasing resources for jobs group 9d2d218b-d0ea-4240-ae71-20b8935c93b3 as part of 1 others on clients Vector() blocking is false
2021-04-22 08:17:06.109 GMT+0000 INFO  [directImport-9d2d218b-d0ea-4240-ae71-20b8935c93b3] ProgressServer - Exit signal received, exiting
2021-04-22 08:17:06.109 GMT+0000 INFO  [directImport-9d2d218b-d0ea-4240-ae71-20b8935c93b3] ProgressServer - Exit signal received, exiting
2021-04-22 08:17:06.110 GMT+0000 INFO  [script-request-akka.actor.default-dispatcher-5] ScriptRequestActor - Finished jobGroup 9d2d218b-d0ea-4240-ae71-20b8935c93b3 with result Left(ScriptExecutionErrors(Pipeline_Gene
2021-04-22 08:17:06.111 GMT+0000 INFO  [script-request-akka.actor.default-dispatcher-5] ScriptRequestActor - Marking requester requestType=LIVE,projectId=91526c67de8c46a1875a4457ab290dab,requestDescription=dataManagerService.getData,sessionId=ca352902c3b347b1b671fc56b2c1b632,messageId=14-361e76e2cd004e8b98846a2af0f41d26,requestId=361e76e2cd004e8b98846a2af0f41d26,userId=7abbf51348544f42b7811e2152cfe19e,tenantId=a17c1afe4fff40299de88f3f7135e689,userName=superuser,tenantName=administration with Left(ScriptExecutionErrors(Pipeline_Gene
2021-04-22 08:17:06.111 GMT+0000 INFO  [superuser-ca352902c3b347b1b671fc56b2c1b632-14-361e76e2cd004e8b98846a2af0f41d26-dataManagerService.getData-LIVE-361e76e2cd004e8b98846a2af0f41d26] ScriptRunner - End executing script in 51 millisecs. fingerprints: FingerprintObject(projectId,91526c67de8c46a1875a4457ab290dab), FingerprintObject(requestDescription,dataManagerService.getData), FingerprintObject(messageId,14-361e76e2cd004e8b98846a2af0f41d26), FingerprintObject(userId,7abbf51348544f42b7811e2152cfe19e), FingerprintObject(requestType,LIVE), FingerprintObject(tenantName,administration), FingerprintObject(requestId,361e76e2cd004e8b98846a2af0f41d26), FingerprintObject(sessionId,ca352902c3b347b1b671fc56b2c1b632), FingerprintObject(userName,superuser), FingerprintObject(tenantId,a17c1afe4fff40299de88f3f7135e689)
2021-04-22 08:17:06.111 GMT+0000 INFO  [Thread-53] SplunkLoggerListener - state=completed,requestType=LIVE,projectId=91526c67de8c46a1875a4457ab290dab,requestDescription=dataManagerService.getData,coreMsUsed=-1,userId=7abbf51348544f42b7811e2152cfe19e,tenantId=a17c1afe4fff40299de88f3f7135e689,jobGroup=9d2d218b-d0ea-4240-ae71-20b8935c93b3
2021-04-22 08:17:06.111 GMT+0000 INFO  [script-request-akka.actor.default-dispatcher-5] AsyncContextEventDispatcher - Posting terminating event via main queue contextId=Some(9d2d218b-d0ea-4240-ae71-20b8935c93b3)
2021-04-22 08:17:06.113 GMT+0000 INFO  [superuser-ca352902c3b347b1b671fc56b2c1b632-14-361e76e2cd004e8b98846a2af0f41d26-dataManagerService.getData-LIVE-361e76e2cd004e8b98846a2af0f41d26] ScriptServlet - requestType=LIVE,projectId=91526c67de8c46a1875a4457ab290dab,requestDescription=dataManagerService.getData,userId=7abbf51348544f42b7811e2152cfe19e,tenantId=a17c1afe4fff40299de88f3f7135e689
2021-04-22 08:17:06.113 GMT+0000 INFO  [Thread-53] RequestInfoListener - jobGroup ended. jobGroupId=9d2d218b-d0ea-4240-ae71-20b8935c93b3, requestIds=List(361e76e2cd004e8b98846a2af0f41d26)
2021-04-22 08:17:06.114 GMT+0000 INFO  [pool-3-thread-2] StatMessageHandler - {"name":"requestComplete","startTime":1619079426113,"endTime":1619079426113,"coreMsUsed":-1,"sysCoreCapacity":0,"maxCoresRequested":0,"maxRowsProcessed":0,"jobGroupId":"9d2d218b-d0ea-4240-ae71-20b8935c93b3","stepStat.totalForImportSteps.rows":35,"stepStat.totalForImportSteps.cols":1,"stepStat.totalForImportSteps.byteSize":785,"numberOfRequests":1,"requestInfo.projectName":"projectNameUnknown","requestInfo.requestType":"LIVE","requestInfo.projectId":"91526c67de8c46a1875a4457ab290dab","requestInfo.requestDescription":"dataManagerService.getData","requestInfo.sessionId":"ca352902c3b347b1b671fc56b2c1b632","requestInfo.requestId":"361e76e2cd004e8b98846a2af0f41d26","requestInfo.userId":"7abbf51348544f42b7811e2152cfe19e","requestInfo.tenantId":"a17c1afe4fff40299de88f3f7135e689","requestInfo.userName":"superuser","requestInfo.tenantName":"administration"}
2021-04-22 08:17:06.114 GMT+0000 INFO  [pool-3-thread-2] StatMessageHandler - {"name":"requestComplete","startTime":1619079426113,"endTime":1619079426113,"coreMsUsed":-1,"sysCoreCapacity":0,"maxCoresRequested":0,"maxRowsProcessed":0,"jobGroupId":"9d2d218b-d0ea-4240-ae71-20b8935c93b3","stepStat.totalForImportSteps.rows":35,"stepStat.totalForImportSteps.cols":1,"stepStat.totalForImportSteps.byteSize":785,"numberOfRequests":1,"requestInfo.projectName":"projectNameUnknown","requestInfo.requestType":"LIVE","requestInfo.projectId":"91526c67de8c46a1875a4457ab290dab","requestInfo.requestDescription":"dataManagerService.getData","requestInfo.sessionId":"ca352902c3b347b1b671fc56b2c1b632","requestInfo.requestId":"361e76e2cd004e8b98846a2af0f41d26","requestInfo.userId":"7abbf51348544f42b7811e2152cfe19e","requestInfo.tenantId":"a17c1afe4fff40299de88f3f7135e689","requestInfo.userName":"superuser","requestInfo.tenantName":"administration"}
2021-04-22 08:17:06.120 GMT+0000 INFO  [Thread-53] AsyncContextEventDispatcher$QueueWorker - Terminating worker contextId=9d2d218b-d0ea-4240-ae71-20b8935c93b3
2021-04-22 08:17:51.297 GMT+0000 INFO  [???-???-???-???-???-???] ScriptServlet - 
2021-04-22 08:18:51.298 GMT+0000 INFO  [???-???-???-???-???-???] ScriptServlet - 
2021-04-22 08:19:51.297 GMT+0000 INFO  [???-???-???-???-???-???] ScriptServlet - 
2021-04-22 08:20:51.298 GMT+0000 INFO  [???-???-???-???-???-???] ScriptServlet - 
2021-04-22 08:21:51.298 GMT+0000 INFO  [???-???-???-???-???-???] ScriptServlet - 
2021-04-22 08:22:51.297 GMT+0000 INFO  [???-???-???-???-???-???] ScriptServlet - 
2021-04-22 08:23:51.298 GMT+0000 INFO  [???-???-???-???-???-???] ScriptServlet - 
2021-04-22 08:24:51.298 GMT+0000 INFO  [???-???-???-???-???-???] ScriptServlet - 
2021-04-22 08:25:51.298 GMT+0000 INFO  [???-???-???-???-???-???] ScriptServlet - 
2021-04-22 08:26:51.298 GMT+0000 INFO  [???-???-???-???-???-???] ScriptServlet - 
2021-04-22 08:27:51.298 GMT+0000 INFO  [???-???-???-???-???-???] ScriptServlet - 
2021-04-22 08:28:51.299 GMT+0000 INFO  [???-???-???-???-???-???] ScriptServlet - 
2021-04-22 08:29:51.299 GMT+0000 INFO  [???-???-???-???-???-???] ScriptServlet - 
